[01m[K/home/xavier/catkin_ws/src/control_xy/src/control_xy_odom_wp_nav_spline_follow.cpp:[m[K In member function â€˜[01m[Kvoid test_head::angCamCallback2(const Float32&)[m[Kâ€™:
[01m[K/home/xavier/catkin_ws/src/control_xy/src/control_xy_odom_wp_nav_spline_follow.cpp:326:76:[m[K [01;31m[Kerror: [m[Kno match for â€˜[01m[Koperator=[m[Kâ€™ (operand types are â€˜[01m[KFILE {aka _IO_FILE}[m[Kâ€™ and â€˜[01m[KFILE* {aka _IO_FILE*}[m[Kâ€™)
      fp2 = fopen ("/home/xavier/catkin_ws/src/control_xy/people.txt" , "w+"[01;31m[K)[m[K;
                                                                            [01;31m[K^[m[K
In file included from [01m[K/usr/include/stdio.h:41:0[m[K,
                 from [01m[K/usr/include/c++/7/cstdio:42[m[K,
                 from [01m[K/usr/include/c++/7/ext/string_conversions.h:43[m[K,
                 from [01m[K/usr/include/c++/7/bits/basic_string.h:6361[m[K,
                 from [01m[K/usr/include/c++/7/string:52[m[K,
                 from [01m[K/opt/ros/melodic/include/ros/platform.h:38[m[K,
                 from [01m[K/opt/ros/melodic/include/ros/time.h:53[m[K,
                 from [01m[K/opt/ros/melodic/include/ros/ros.h:38[m[K,
                 from [01m[K/home/xavier/catkin_ws/src/control_xy/src/control_xy_odom_wp_nav_spline_follow.cpp:1[m[K:
[01m[K/usr/include/aarch64-linux-gnu/bits/libio.h:245:8:[m[K [01;36m[Knote: [m[Kcandidate: constexpr _IO_FILE& _IO_FILE::operator=(const _IO_FILE&)
 struct [01;36m[K_IO_FILE[m[K {
        [01;36m[K^~~~~~~~[m[K
[01m[K/usr/include/aarch64-linux-gnu/bits/libio.h:245:8:[m[K [01;36m[Knote: [m[K  no known conversion for argument 1 from â€˜[01m[KFILE* {aka _IO_FILE*}[m[Kâ€™ to â€˜[01m[Kconst _IO_FILE&[m[Kâ€™
[01m[K/usr/include/aarch64-linux-gnu/bits/libio.h:245:8:[m[K [01;36m[Knote: [m[Kcandidate: constexpr _IO_FILE& _IO_FILE::operator=(_IO_FILE&&)
[01m[K/usr/include/aarch64-linux-gnu/bits/libio.h:245:8:[m[K [01;36m[Knote: [m[K  no known conversion for argument 1 from â€˜[01m[KFILE* {aka _IO_FILE*}[m[Kâ€™ to â€˜[01m[K_IO_FILE&&[m[Kâ€™
[01m[K/home/xavier/catkin_ws/src/control_xy/src/control_xy_odom_wp_nav_spline_follow.cpp:[m[K In member function â€˜[01m[Kvoid test_head::angPeopCallback4(const Vector3&)[m[Kâ€™:
[01m[K/home/xavier/catkin_ws/src/control_xy/src/control_xy_odom_wp_nav_spline_follow.cpp:422:76:[m[K [01;31m[Kerror: [m[Kcannot convert â€˜[01m[KFILE {aka _IO_FILE}[m[Kâ€™ to â€˜[01m[KFILE* {aka _IO_FILE*}[m[Kâ€™ for argument â€˜[01m[K1[m[Kâ€™ to â€˜[01m[Kint fprintf(FILE*, const char*, ...)[m[Kâ€™
          fprintf(fp2,"%f,%f,%f,%f,%f,%f\n",npcx,npcy,px,py,angobs,ang_robot[01;31m[K)[m[K;
                                                                            [01;31m[K^[m[K
[01m[K/home/xavier/catkin_ws/src/control_xy/src/control_xy_odom_wp_nav_spline_follow.cpp:[m[K In member function â€˜[01m[Kvoid test_head::loadRoute()[m[Kâ€™:
[01m[K/home/xavier/catkin_ws/src/control_xy/src/control_xy_odom_wp_nav_spline_follow.cpp:716:43:[m[K [01;35m[Kwarning: [m[Kformat â€˜[01m[K%s[m[Kâ€™ expects argument of type â€˜[01m[Kchar*[m[Kâ€™, but argument 3 has type â€˜[01m[Kchar (*)[80][m[Kâ€™ [[01;35m[K-Wformat=[m[K]
            sscanf(mystring,"%s %s",[32m[K&rx[m[K,&ry[01;35m[K)[m[K;
                                    [32m[K~~~[m[K    [01;35m[K^[m[K
[01m[K/home/xavier/catkin_ws/src/control_xy/src/control_xy_odom_wp_nav_spline_follow.cpp:716:43:[m[K [01;35m[Kwarning: [m[Kformat â€˜[01m[K%s[m[Kâ€™ expects argument of type â€˜[01m[Kchar*[m[Kâ€™, but argument 4 has type â€˜[01m[Kchar (*)[80][m[Kâ€™ [[01;35m[K-Wformat=[m[K]
make[2]: *** [CMakeFiles/control_xy_node_spline_follow.dir/src/control_xy_odom_wp_nav_spline_follow.cpp.o] Error 1
make[1]: *** [CMakeFiles/control_xy_node_spline_follow.dir/all] Error 2
make: *** [all] Error 2
