[01m[K/home/xavier/catkin_ws/src/control_xy/src/control_xy_odom_wp_nav_spline_mixed2.cpp:1300:67:[m[K [01;31m[Kerror: [m[Kâ€˜[01m[Kbool test_head::mode_idle[m[Kâ€™ conflicts with a previous declaration
     bool save_waypoint,start_tray,col_avoid_mode,danger, mode_idle[01;31m[K,[m[Kmode_karugamo,mode_manual,mode_follow,free_way,collision,mode_auto;
                                                                   [01;31m[K^[m[K
[01m[K/home/xavier/catkin_ws/src/control_xy/src/control_xy_odom_wp_nav_spline_mixed2.cpp:954:6:[m[K [01;36m[Knote: [m[Kprevious declaration â€˜[01m[Kvoid test_head::mode_idle()[m[Kâ€™
 void [01;36m[Kmode_idle[m[K()
      [01;36m[K^~~~~~~~~[m[K
[01m[K/home/xavier/catkin_ws/src/control_xy/src/control_xy_odom_wp_nav_spline_mixed2.cpp:[m[K In constructor â€˜[01m[Ktest_head::test_head(ros::NodeHandle)[m[Kâ€™:
[01m[K/home/xavier/catkin_ws/src/control_xy/src/control_xy_odom_wp_nav_spline_mixed2.cpp:126:9:[m[K [01;31m[Kerror: [m[Kinvalid use of member function â€˜[01m[Kvoid test_head::mode_idle()[m[Kâ€™ (did you forget the â€˜[01m[K()[m[Kâ€™ ?)
         [01;31m[Kmode_idle[m[K=true;
         [01;31m[K^~~~~~~~~[m[K
[01m[K/home/xavier/catkin_ws/src/control_xy/src/control_xy_odom_wp_nav_spline_mixed2.cpp:[m[K In member function â€˜[01m[Kvoid test_head::stateCallback(const TriggerAction&)[m[Kâ€™:
[01m[K/home/xavier/catkin_ws/src/control_xy/src/control_xy_odom_wp_nav_spline_mixed2.cpp:161:13:[m[K [01;31m[Kerror: [m[Kinvalid use of member function â€˜[01m[Kvoid test_head::mode_idle()[m[Kâ€™ (did you forget the â€˜[01m[K()[m[Kâ€™ ?)
             [01;31m[Kmode_idle[m[K=false;
             [01;31m[K^~~~~~~~~[m[K
[01m[K/home/xavier/catkin_ws/src/control_xy/src/control_xy_odom_wp_nav_spline_mixed2.cpp:180:13:[m[K [01;31m[Kerror: [m[Kinvalid use of member function â€˜[01m[Kvoid test_head::mode_idle()[m[Kâ€™ (did you forget the â€˜[01m[K()[m[Kâ€™ ?)
             [01;31m[Kmode_idle[m[K=true;
             [01;31m[K^~~~~~~~~[m[K
[01m[K/home/xavier/catkin_ws/src/control_xy/src/control_xy_odom_wp_nav_spline_mixed2.cpp:231:13:[m[K [01;31m[Kerror: [m[Kinvalid use of member function â€˜[01m[Kvoid test_head::mode_idle()[m[Kâ€™ (did you forget the â€˜[01m[K()[m[Kâ€™ ?)
             [01;31m[Kmode_idle[m[K=true;
             [01;31m[K^~~~~~~~~[m[K
[01m[K/home/xavier/catkin_ws/src/control_xy/src/control_xy_odom_wp_nav_spline_mixed2.cpp:[m[K In member function â€˜[01m[Kvoid test_head::scanCallback(const ConstPtr&)[m[Kâ€™:
[01m[K/home/xavier/catkin_ws/src/control_xy/src/control_xy_odom_wp_nav_spline_mixed2.cpp:899:77:[m[K [01;31m[Kerror: [m[Kinvalid use of member function â€˜[01m[Kvoid test_head::mode_idle()[m[Kâ€™ (did you forget the â€˜[01m[K()[m[Kâ€™ ?)
             if (scan->ranges[j] <= break_danger && scan->ranges[j] >0.24 && [01;31m[Kmode_idle[m[K==false){
                                                                             [01;31m[K^~~~~~~~~[m[K
[01m[K/home/xavier/catkin_ws/src/control_xy/src/control_xy_odom_wp_nav_spline_mixed2.cpp:905:77:[m[K [01;31m[Kerror: [m[Kinvalid use of member function â€˜[01m[Kvoid test_head::mode_idle()[m[Kâ€™ (did you forget the â€˜[01m[K()[m[Kâ€™ ?)
             if (scan->ranges[i] <= break_danger && scan->ranges[i] >0.24 && [01;31m[Kmode_idle[m[K==false){
                                                                             [01;31m[K^~~~~~~~~[m[K
[01m[K/home/xavier/catkin_ws/src/control_xy/src/control_xy_odom_wp_nav_spline_mixed2.cpp:912:79:[m[K [01;31m[Kerror: [m[Kinvalid use of member function â€˜[01m[Kvoid test_head::mode_idle()[m[Kâ€™ (did you forget the â€˜[01m[K()[m[Kâ€™ ?)
             if (scan->ranges[j] <= break_distance && scan->ranges[j] >0.24 && [01;31m[Kmode_idle[m[K==false){
                                                                               [01;31m[K^~~~~~~~~[m[K
[01m[K/home/xavier/catkin_ws/src/control_xy/src/control_xy_odom_wp_nav_spline_mixed2.cpp:918:79:[m[K [01;31m[Kerror: [m[Kinvalid use of member function â€˜[01m[Kvoid test_head::mode_idle()[m[Kâ€™ (did you forget the â€˜[01m[K()[m[Kâ€™ ?)
             if (scan->ranges[i] <= break_distance && scan->ranges[i] >0.24 && [01;31m[Kmode_idle[m[K==false){
                                                                               [01;31m[K^~~~~~~~~[m[K
[01m[K/home/xavier/catkin_ws/src/control_xy/src/control_xy_odom_wp_nav_spline_mixed2.cpp:[m[K In member function â€˜[01m[Kvoid test_head::mode_idle()[m[Kâ€™:
[01m[K/home/xavier/catkin_ws/src/control_xy/src/control_xy_odom_wp_nav_spline_mixed2.cpp:956:5:[m[K [01;31m[Kerror: [m[Kinvalid use of member function â€˜[01m[Kvoid test_head::mode_idle()[m[Kâ€™ (did you forget the â€˜[01m[K()[m[Kâ€™ ?)
     [01;31m[Kmode_idle[m[K=true;
     [01;31m[K^~~~~~~~~[m[K
[01m[K/home/xavier/catkin_ws/src/control_xy/src/control_xy_odom_wp_nav_spline_mixed2.cpp:[m[K In member function â€˜[01m[Kvoid test_head::mode_people_follow()[m[Kâ€™:
[01m[K/home/xavier/catkin_ws/src/control_xy/src/control_xy_odom_wp_nav_spline_mixed2.cpp:978:5:[m[K [01;31m[Kerror: [m[Kinvalid use of member function â€˜[01m[Kvoid test_head::mode_idle()[m[Kâ€™ (did you forget the â€˜[01m[K()[m[Kâ€™ ?)
     [01;31m[Kmode_idle[m[K=false;
     [01;31m[K^~~~~~~~~[m[K
[01m[K/home/xavier/catkin_ws/src/control_xy/src/control_xy_odom_wp_nav_spline_mixed2.cpp:[m[K In member function â€˜[01m[Kvoid test_head::loadRoute()[m[Kâ€™:
[01m[K/home/xavier/catkin_ws/src/control_xy/src/control_xy_odom_wp_nav_spline_mixed2.cpp:1023:49:[m[K [01;35m[Kwarning: [m[Kformat â€˜[01m[K%s[m[Kâ€™ expects argument of type â€˜[01m[Kchar*[m[Kâ€™, but argument 3 has type â€˜[01m[Kchar (*)[80][m[Kâ€™ [[01;35m[K-Wformat=[m[K]
                  sscanf(mystring,"%s %s",[32m[K&rx[m[K,&ry[01;35m[K)[m[K;
                                          [32m[K~~~[m[K    [01;35m[K^[m[K
[01m[K/home/xavier/catkin_ws/src/control_xy/src/control_xy_odom_wp_nav_spline_mixed2.cpp:1023:49:[m[K [01;35m[Kwarning: [m[Kformat â€˜[01m[K%s[m[Kâ€™ expects argument of type â€˜[01m[Kchar*[m[Kâ€™, but argument 4 has type â€˜[01m[Kchar (*)[80][m[Kâ€™ [[01;35m[K-Wformat=[m[K]
[01m[K/home/xavier/catkin_ws/src/control_xy/src/control_xy_odom_wp_nav_spline_mixed2.cpp:[m[K In member function â€˜[01m[Kvoid test_head::joyCallback(const ConstPtr&)[m[Kâ€™:
[01m[K/home/xavier/catkin_ws/src/control_xy/src/control_xy_odom_wp_nav_spline_mixed2.cpp:1054:13:[m[K [01;31m[Kerror: [m[Kinvalid use of member function â€˜[01m[Kvoid test_head::mode_idle()[m[Kâ€™ (did you forget the â€˜[01m[K()[m[Kâ€™ ?)
             [01;31m[Kmode_idle[m[K=false;
             [01;31m[K^~~~~~~~~[m[K
[01m[K/home/xavier/catkin_ws/src/control_xy/src/control_xy_odom_wp_nav_spline_mixed2.cpp:1080:13:[m[K [01;31m[Kerror: [m[Kinvalid use of member function â€˜[01m[Kvoid test_head::mode_idle()[m[Kâ€™ (did you forget the â€˜[01m[K()[m[Kâ€™ ?)
             [01;31m[Kmode_idle[m[K=false;
             [01;31m[K^~~~~~~~~[m[K
[01m[K/home/xavier/catkin_ws/src/control_xy/src/control_xy_odom_wp_nav_spline_mixed2.cpp:1126:13:[m[K [01;31m[Kerror: [m[Kinvalid use of member function â€˜[01m[Kvoid test_head::mode_idle()[m[Kâ€™ (did you forget the â€˜[01m[K()[m[Kâ€™ ?)
             [01;31m[Kmode_idle[m[K=false;
             [01;31m[K^~~~~~~~~[m[K
make[2]: *** [CMakeFiles/control_xy_node_spline_follow_mixed.dir/src/control_xy_odom_wp_nav_spline_mixed2.cpp.o] Error 1
make[1]: *** [CMakeFiles/control_xy_node_spline_follow_mixed.dir/all] Error 2
make: *** [all] Error 2
