[  0%] Built target std_msgs_generate_messages_py
[  0%] Built target actionlib_msgs_generate_messages_py
[  0%] Built target _control_xy_generate_messages_check_deps_States
[  0%] Built target _control_xy_generate_messages_check_deps_State
[  0%] Built target _control_xy_generate_messages_check_deps_StateWheels
[  0%] Built target _control_xy_generate_messages_check_deps_Obstacle
[  0%] Built target _control_xy_generate_messages_check_deps_TriggerAction
[  0%] Built target rosgraph_msgs_generate_messages_py
[  0%] Built target std_msgs_generate_messages_eus
[  0%] Built target std_msgs_generate_messages_lisp
[  0%] Built target rosgraph_msgs_generate_messages_lisp
[  0%] Built target actionlib_msgs_generate_messages_lisp
[  0%] Built target rosgraph_msgs_generate_messages_eus
[  0%] Built target rosgraph_msgs_generate_messages_cpp
[  0%] Built target actionlib_msgs_generate_messages_eus
[  0%] Built target roscpp_generate_messages_py
[  0%] Built target actionlib_msgs_generate_messages_nodejs
[  0%] Built target _control_xy_generate_messages_check_deps_DriveWheel
[  0%] Built target roscpp_generate_messages_nodejs
[  0%] Built target std_msgs_generate_messages_nodejs
[  0%] Built target roscpp_generate_messages_eus
[  0%] Built target roscpp_generate_messages_lisp
[  0%] Built target roscpp_generate_messages_cpp
[  0%] Built target std_msgs_generate_messages_cpp
[  0%] Built target rosgraph_msgs_generate_messages_nodejs
[  0%] Built target actionlib_msgs_generate_messages_cpp
[ 27%] Built target control_xy_generate_messages_eus
[ 35%] Built target control_xy_generate_messages_py
[ 50%] Built target control_xy_generate_messages_lisp
[ 65%] Built target control_xy_generate_messages_nodejs
[ 80%] Built target control_xy_generate_messages_cpp
[35m[1mScanning dependencies of target control_xy_node_spline_follow_mixed[0m
[ 80%] Built target control_xy_generate_messages
[ 85%] Built target control_xy_node_spline_follow
[ 90%] Built target control_xy_node_spline
[ 95%] Built target control_xy_node
[ 97%] [32mBuilding CXX object CMakeFiles/control_xy_node_spline_follow_mixed.dir/src/control_xy_odom_wp_nav_spline_mixed2.cpp.o[0m
In file included from [01m[K/opt/ros/melodic/include/ros/node_handle.h:32:0[m[K,
                 from [01m[K/opt/ros/melodic/include/ros/ros.h:45[m[K,
                 from [01m[K/home/xavier/catkin_ws/src/control_xy/src/control_xy_odom_wp_nav_spline_mixed2.cpp:1[m[K:
[01m[K/opt/ros/melodic/include/ros/publisher.h:53:52:[m[K [01;35m[Kwarning: [m[Kdefaulted and deleted functions only available with -std=c++11 or -std=gnu++11
     Publisher& operator=(const Publisher& other) = default;
[01;32m[K                                                    ^[m[K
In file included from [01m[K/opt/ros/melodic/include/ros/node_handle.h:33:0[m[K,
                 from [01m[K/opt/ros/melodic/include/ros/ros.h:45[m[K,
                 from [01m[K/home/xavier/catkin_ws/src/control_xy/src/control_xy_odom_wp_nav_spline_mixed2.cpp:1[m[K:
[01m[K/opt/ros/melodic/include/ros/subscriber.h:52:52:[m[K [01;35m[Kwarning: [m[Kdefaulted and deleted functions only available with -std=c++11 or -std=gnu++11
   Subscriber& operator=(const Subscriber& other) = default;
[01;32m[K                                                    ^[m[K
In file included from [01m[K/opt/ros/melodic/include/ros/node_handle.h:34:0[m[K,
                 from [01m[K/opt/ros/melodic/include/ros/ros.h:45[m[K,
                 from [01m[K/home/xavier/catkin_ws/src/control_xy/src/control_xy_odom_wp_nav_spline_mixed2.cpp:1[m[K:
[01m[K/opt/ros/melodic/include/ros/service_server.h:51:58:[m[K [01;35m[Kwarning: [m[Kdefaulted and deleted functions only available with -std=c++11 or -std=gnu++11
   ServiceServer& operator=(const ServiceServer& other) = default;
[01;32m[K                                                          ^[m[K
In file included from [01m[K/opt/ros/melodic/include/ros/node_handle.h:35:0[m[K,
                 from [01m[K/opt/ros/melodic/include/ros/ros.h:45[m[K,
                 from [01m[K/home/xavier/catkin_ws/src/control_xy/src/control_xy_odom_wp_nav_spline_mixed2.cpp:1[m[K:
[01m[K/opt/ros/melodic/include/ros/service_client.h:49:58:[m[K [01;35m[Kwarning: [m[Kdefaulted and deleted functions only available with -std=c++11 or -std=gnu++11
   ServiceClient& operator=(const ServiceClient& other) = default;
[01;32m[K                                                          ^[m[K
In file included from [01m[K/opt/ros/melodic/include/ros/node_handle.h:36:0[m[K,
                 from [01m[K/opt/ros/melodic/include/ros/ros.h:45[m[K,
                 from [01m[K/home/xavier/catkin_ws/src/control_xy/src/control_xy_odom_wp_nav_spline_mixed2.cpp:1[m[K:
[01m[K/opt/ros/melodic/include/ros/timer.h:52:42:[m[K [01;35m[Kwarning: [m[Kdefaulted and deleted functions only available with -std=c++11 or -std=gnu++11
   Timer& operator=(const Timer& other) = default;
[01;32m[K                                          ^[m[K
In file included from [01m[K/opt/ros/melodic/include/ros/node_handle.h:38:0[m[K,
                 from [01m[K/opt/ros/melodic/include/ros/ros.h:45[m[K,
                 from [01m[K/home/xavier/catkin_ws/src/control_xy/src/control_xy_odom_wp_nav_spline_mixed2.cpp:1[m[K:
[01m[K/opt/ros/melodic/include/ros/wall_timer.h:52:50:[m[K [01;35m[Kwarning: [m[Kdefaulted and deleted functions only available with -std=c++11 or -std=gnu++11
   WallTimer& operator=(const WallTimer& other) = default;
[01;32m[K                                                  ^[m[K
In file included from [01m[K/opt/ros/melodic/include/ros/node_handle.h:39:0[m[K,
                 from [01m[K/opt/ros/melodic/include/ros/ros.h:45[m[K,
                 from [01m[K/home/xavier/catkin_ws/src/control_xy/src/control_xy_odom_wp_nav_spline_mixed2.cpp:1[m[K:
[01m[K/opt/ros/melodic/include/ros/steady_timer.h:52:54:[m[K [01;35m[Kwarning: [m[Kdefaulted and deleted functions only available with -std=c++11 or -std=gnu++11
   SteadyTimer& operator=(const SteadyTimer& other) = default;
[01;32m[K                                                      ^[m[K
[01m[K/home/xavier/catkin_ws/src/control_xy/src/control_xy_odom_wp_nav_spline_mixed2.cpp:[m[K In constructor â€˜[01m[Ktest_head::test_head(ros::NodeHandle)[m[Kâ€™:
[01m[K/home/xavier/catkin_ws/src/control_xy/src/control_xy_odom_wp_nav_spline_mixed2.cpp:41:9:[m[K [01;31m[Kerror: [m[Kâ€˜[01m[Kstate_pub[m[Kâ€™ was not declared in this scope
         state_pub = nh.advertise<control_xy::States>(nh.resolveName("/pitakuru_states"),1);
[01;32m[K         ^[m[K
[01m[K/home/xavier/catkin_ws/src/control_xy/src/control_xy_odom_wp_nav_spline_mixed2.cpp:[m[K In member function â€˜[01m[Kvoid test_head::calc_100hz()[m[Kâ€™:
[01m[K/home/xavier/catkin_ws/src/control_xy/src/control_xy_odom_wp_nav_spline_mixed2.cpp:728:32:[m[K [01;31m[Kerror: [m[Kâ€˜[01m[Kcontrol_xy::States {aka struct control_xy::States_<std::allocator<void> >}[m[Kâ€™ has no member named â€˜[01m[Kstatus[m[Kâ€™
             pitakuru_state_msg.status="KARUGAMO";
[01;32m[K                                ^[m[K
[01m[K/home/xavier/catkin_ws/src/control_xy/src/control_xy_odom_wp_nav_spline_mixed2.cpp:729:32:[m[K [01;31m[Kerror: [m[Kâ€˜[01m[Kcontrol_xy::States {aka struct control_xy::States_<std::allocator<void> >}[m[Kâ€™ has no member named â€˜[01m[Kstatus_karugamo[m[Kâ€™
             pitakuru_state_msg.status_karugamo=tracking;
[01;32m[K                                ^[m[K
[01m[K/home/xavier/catkin_ws/src/control_xy/src/control_xy_odom_wp_nav_spline_mixed2.cpp:730:13:[m[K [01;31m[Kerror: [m[Kâ€˜[01m[Kstate_pub[m[Kâ€™ was not declared in this scope
             state_pub.publish(pitakuru_state_msg);
[01;32m[K             ^[m[K
[01m[K/home/xavier/catkin_ws/src/control_xy/src/control_xy_odom_wp_nav_spline_mixed2.cpp:841:32:[m[K [01;31m[Kerror: [m[Kâ€˜[01m[Kcontrol_xy::States {aka struct control_xy::States_<std::allocator<void> >}[m[Kâ€™ has no member named â€˜[01m[Kstatus[m[Kâ€™
             pitakuru_state_msg.status="KARUGAMO";
[01;32m[K                                ^[m[K
[01m[K/home/xavier/catkin_ws/src/control_xy/src/control_xy_odom_wp_nav_spline_mixed2.cpp:842:32:[m[K [01;31m[Kerror: [m[Kâ€˜[01m[Kcontrol_xy::States {aka struct control_xy::States_<std::allocator<void> >}[m[Kâ€™ has no member named â€˜[01m[Kstatus_karugamo[m[Kâ€™
             pitakuru_state_msg.status_karugamo="losting_with_lidar";
[01;32m[K                                ^[m[K
[01m[K/home/xavier/catkin_ws/src/control_xy/src/control_xy_odom_wp_nav_spline_mixed2.cpp:843:13:[m[K [01;31m[Kerror: [m[Kâ€˜[01m[Kstate_pub[m[Kâ€™ was not declared in this scope
             state_pub.publish(pitakuru_state_msg);
[01;32m[K             ^[m[K
[01m[K/home/xavier/catkin_ws/src/control_xy/src/control_xy_odom_wp_nav_spline_mixed2.cpp:848:36:[m[K [01;31m[Kerror: [m[Kâ€˜[01m[Kcontrol_xy::States {aka struct control_xy::States_<std::allocator<void> >}[m[Kâ€™ has no member named â€˜[01m[Kstatus[m[Kâ€™
                 pitakuru_state_msg.status="KARUGAMO";
[01;32m[K                                    ^[m[K
[01m[K/home/xavier/catkin_ws/src/control_xy/src/control_xy_odom_wp_nav_spline_mixed2.cpp:849:36:[m[K [01;31m[Kerror: [m[Kâ€˜[01m[Kcontrol_xy::States {aka struct control_xy::States_<std::allocator<void> >}[m[Kâ€™ has no member named â€˜[01m[Kstatus_karugamo[m[Kâ€™
                 pitakuru_state_msg.status_karugamo="lost";
[01;32m[K                                    ^[m[K
[01m[K/home/xavier/catkin_ws/src/control_xy/src/control_xy_odom_wp_nav_spline_mixed2.cpp:[m[K In member function â€˜[01m[Kvoid test_head::collisioned()[m[Kâ€™:
[01m[K/home/xavier/catkin_ws/src/control_xy/src/control_xy_odom_wp_nav_spline_mixed2.cpp:1613:24:[m[K [01;31m[Kerror: [m[Kâ€˜[01m[Kcontrol_xy::States {aka struct control_xy::States_<std::allocator<void> >}[m[Kâ€™ has no member named â€˜[01m[Kstatus[m[Kâ€™
     pitakuru_state_msg.status="COLLISION";
[01;32m[K                        ^[m[K
[01m[K/home/xavier/catkin_ws/src/control_xy/src/control_xy_odom_wp_nav_spline_mixed2.cpp:1614:5:[m[K [01;31m[Kerror: [m[Kâ€˜[01m[Kstate_pub[m[Kâ€™ was not declared in this scope
     state_pub.publish(pitakuru_state_msg);
[01;32m[K     ^[m[K
[01m[K/home/xavier/catkin_ws/src/control_xy/src/control_xy_odom_wp_nav_spline_mixed2.cpp:[m[K In member function â€˜[01m[Kvoid test_head::remove_collision()[m[Kâ€™:
[01m[K/home/xavier/catkin_ws/src/control_xy/src/control_xy_odom_wp_nav_spline_mixed2.cpp:1641:24:[m[K [01;31m[Kerror: [m[Kâ€˜[01m[Kcontrol_xy::States {aka struct control_xy::States_<std::allocator<void> >}[m[Kâ€™ has no member named â€˜[01m[Kstatus[m[Kâ€™
     pitakuru_state_msg.status="IDLE";
[01;32m[K                        ^[m[K
[01m[K/home/xavier/catkin_ws/src/control_xy/src/control_xy_odom_wp_nav_spline_mixed2.cpp:1642:5:[m[K [01;31m[Kerror: [m[Kâ€˜[01m[Kstate_pub[m[Kâ€™ was not declared in this scope
     state_pub.publish(pitakuru_state_msg);
[01;32m[K     ^[m[K
[01m[K/home/xavier/catkin_ws/src/control_xy/src/control_xy_odom_wp_nav_spline_mixed2.cpp:[m[K In member function â€˜[01m[Kvoid test_head::mode_MANUAL()[m[Kâ€™:
[01m[K/home/xavier/catkin_ws/src/control_xy/src/control_xy_odom_wp_nav_spline_mixed2.cpp:1675:24:[m[K [01;31m[Kerror: [m[Kâ€˜[01m[Kcontrol_xy::States {aka struct control_xy::States_<std::allocator<void> >}[m[Kâ€™ has no member named â€˜[01m[Kstatus[m[Kâ€™
     pitakuru_state_msg.status="MANUAL";
[01;32m[K                        ^[m[K
[01m[K/home/xavier/catkin_ws/src/control_xy/src/control_xy_odom_wp_nav_spline_mixed2.cpp:1676:5:[m[K [01;31m[Kerror: [m[Kâ€˜[01m[Kstate_pub[m[Kâ€™ was not declared in this scope
     state_pub.publish(pitakuru_state_msg);
[01;32m[K     ^[m[K
[01m[K/home/xavier/catkin_ws/src/control_xy/src/control_xy_odom_wp_nav_spline_mixed2.cpp:[m[K In member function â€˜[01m[Kvoid test_head::mode_IDLE()[m[Kâ€™:
[01m[K/home/xavier/catkin_ws/src/control_xy/src/control_xy_odom_wp_nav_spline_mixed2.cpp:1705:28:[m[K [01;31m[Kerror: [m[Kâ€˜[01m[Kcontrol_xy::States {aka struct control_xy::States_<std::allocator<void> >}[m[Kâ€™ has no member named â€˜[01m[Kstatus[m[Kâ€™
         pitakuru_state_msg.status="IDLE";
[01;32m[K                            ^[m[K
[01m[K/home/xavier/catkin_ws/src/control_xy/src/control_xy_odom_wp_nav_spline_mixed2.cpp:1706:9:[m[K [01;31m[Kerror: [m[Kâ€˜[01m[Kstate_pub[m[Kâ€™ was not declared in this scope
         state_pub.publish(pitakuru_state_msg);
[01;32m[K         ^[m[K
[01m[K/home/xavier/catkin_ws/src/control_xy/src/control_xy_odom_wp_nav_spline_mixed2.cpp:[m[K In member function â€˜[01m[Kvoid test_head::mode_people_follow()[m[Kâ€™:
[01m[K/home/xavier/catkin_ws/src/control_xy/src/control_xy_odom_wp_nav_spline_mixed2.cpp:1743:24:[m[K [01;31m[Kerror: [m[Kâ€˜[01m[Kcontrol_xy::States {aka struct control_xy::States_<std::allocator<void> >}[m[Kâ€™ has no member named â€˜[01m[Kstatus[m[Kâ€™
     pitakuru_state_msg.status="KARUGAMO";
[01;32m[K                        ^[m[K
[01m[K/home/xavier/catkin_ws/src/control_xy/src/control_xy_odom_wp_nav_spline_mixed2.cpp:1744:5:[m[K [01;31m[Kerror: [m[Kâ€˜[01m[Kstate_pub[m[Kâ€™ was not declared in this scope
     state_pub.publish(pitakuru_state_msg);
[01;32m[K     ^[m[K
[01m[K/home/xavier/catkin_ws/src/control_xy/src/control_xy_odom_wp_nav_spline_mixed2.cpp:[m[K In member function â€˜[01m[Kvoid test_head::loadRoute()[m[Kâ€™:
[01m[K/home/xavier/catkin_ws/src/control_xy/src/control_xy_odom_wp_nav_spline_mixed2.cpp:1767:44:[m[K [01;35m[Kwarning: [m[Kformat â€˜[01m[K%s[m[Kâ€™ expects argument of type â€˜[01m[Kchar*[m[Kâ€™, but argument 3 has type â€˜[01m[Kchar (*)[80][m[Kâ€™ [-Wformat=]
             sscanf(mystring,"%s %s",&rx,&ry);
[01;32m[K                                            ^[m[K
[01m[K/home/xavier/catkin_ws/src/control_xy/src/control_xy_odom_wp_nav_spline_mixed2.cpp:1767:44:[m[K [01;35m[Kwarning: [m[Kformat â€˜[01m[K%s[m[Kâ€™ expects argument of type â€˜[01m[Kchar*[m[Kâ€™, but argument 4 has type â€˜[01m[Kchar (*)[80][m[Kâ€™ [-Wformat=]
CMakeFiles/control_xy_node_spline_follow_mixed.dir/build.make:62: recipe for target 'CMakeFiles/control_xy_node_spline_follow_mixed.dir/src/control_xy_odom_wp_nav_spline_mixed2.cpp.o' failed
make[2]: *** [CMakeFiles/control_xy_node_spline_follow_mixed.dir/src/control_xy_odom_wp_nav_spline_mixed2.cpp.o] Error 1
CMakeFiles/Makefile2:611: recipe for target 'CMakeFiles/control_xy_node_spline_follow_mixed.dir/all' failed
make[1]: *** [CMakeFiles/control_xy_node_spline_follow_mixed.dir/all] Error 2
Makefile:140: recipe for target 'all' failed
make: *** [all] Error 2
