make[2]: Warning: File '/home/xavier/catkin_ws/devel/.private/control_xy/lib/control_xy/control_xy_node_spline_follow' has modification time 3365 s in the future
make[2]: Warning: File '/home/xavier/catkin_ws/devel/.private/control_xy/lib/control_xy/control_xy_node_spline' has modification time 2245 s in the future
make[2]: warning:  Clock skew detected.  Your build may be incomplete.
[01m[K/home/xavier/catkin_ws/src/control_xy/src/control_xy_odom_wp_nav_spline_follow.cpp:[m[K In member function â€˜[01m[Kvoid test_head::angPeopCallback4(const Vector3&)[m[Kâ€™:
[01m[K/home/xavier/catkin_ws/src/control_xy/src/control_xy_odom_wp_nav_spline_follow.cpp:429:13:[m[K [01;31m[Kerror: [m[Kâ€˜[01m[Knum_wp[m[Kâ€™ was not declared in this scope
    }else if([01;31m[Knum_wp[m[K>=2){
             [01;31m[K^~~~~~[m[K
[01m[K/home/xavier/catkin_ws/src/control_xy/src/control_xy_odom_wp_nav_spline_follow.cpp:429:13:[m[K [01;36m[Knote: [m[Ksuggested alternative: â€˜[01m[Knum_sp[m[Kâ€™
    }else if([01;36m[Knum_wp[m[K>=2){
             [01;36m[K^~~~~~[m[K
             [32m[Knum_sp[m[K
[01m[K/home/xavier/catkin_ws/src/control_xy/src/control_xy_odom_wp_nav_spline_follow.cpp:[m[K In member function â€˜[01m[Kvoid test_head::loadRoute()[m[Kâ€™:
[01m[K/home/xavier/catkin_ws/src/control_xy/src/control_xy_odom_wp_nav_spline_follow.cpp:598:43:[m[K [01;35m[Kwarning: [m[Kformat â€˜[01m[K%s[m[Kâ€™ expects argument of type â€˜[01m[Kchar*[m[Kâ€™, but argument 3 has type â€˜[01m[Kchar (*)[80][m[Kâ€™ [[01;35m[K-Wformat=[m[K]
            sscanf(mystring,"%s %s",[32m[K&rx[m[K,&ry[01;35m[K)[m[K;
                                    [32m[K~~~[m[K    [01;35m[K^[m[K
[01m[K/home/xavier/catkin_ws/src/control_xy/src/control_xy_odom_wp_nav_spline_follow.cpp:598:43:[m[K [01;35m[Kwarning: [m[Kformat â€˜[01m[K%s[m[Kâ€™ expects argument of type â€˜[01m[Kchar*[m[Kâ€™, but argument 4 has type â€˜[01m[Kchar (*)[80][m[Kâ€™ [[01;35m[K-Wformat=[m[K]
make[2]: *** [CMakeFiles/control_xy_node_spline_follow.dir/src/control_xy_odom_wp_nav_spline_follow.cpp.o] Error 1
make[1]: *** [CMakeFiles/control_xy_node_spline_follow.dir/all] Error 2
make: *** [all] Error 2
