[01m[K/home/xavier/catkin_ws/src/control_xy/src/control_xy_node_yaw.cpp:16:39:[m[K [01;35m[Kwarning: [m[Kextra tokens at end of #include directive
 #include <control_xy/TriggerAction.h> [01;35m[Kv[m[K
                                       [01;35m[K^[m[K
[01m[K/home/xavier/catkin_ws/src/control_xy/src/control_xy_node_yaw.cpp:[m[K In constructor â€˜[01m[Ktest_head::test_head(ros::NodeHandle)[m[Kâ€™:
[01m[K/home/xavier/catkin_ws/src/control_xy/src/control_xy_node_yaw.cpp:29:73:[m[K [01;31m[Kerror: [m[Kâ€˜[01m[KheadCallback[m[Kâ€™ is not a member of â€˜[01m[Ktest_head[m[Kâ€™
                 head_subscriber = nh.subscribe("/euler", 1, &test_head::[01;31m[KheadCallback[m[K,this);
                                                                         [01;31m[K^~~~~~~~~~~~[m[K
[01m[K/home/xavier/catkin_ws/src/control_xy/src/control_xy_node_yaw.cpp:33:62:[m[K [01;31m[Kerror: [m[Kâ€˜[01m[KsetPointsCallback[m[Kâ€™ is not a member of â€˜[01m[Ktest_head[m[Kâ€™
   pose_subscriber = nh.subscribe("setPoints", 1, &test_head::[01;31m[KsetPointsCallback[m[K,this);
                                                              [01;31m[K^~~~~~~~~~~~~~~~~[m[K
[01m[K/home/xavier/catkin_ws/src/control_xy/src/control_xy_node_yaw.cpp:36:84:[m[K [01;31m[Kerror: [m[Kâ€˜[01m[KobstCallback[m[Kâ€™ is not a member of â€˜[01m[Ktest_head[m[Kâ€™
                 obst_subscriber = nh.subscribe("/obstacle_closest", 1, &test_head::[01;31m[KobstCallback[m[K,this);
                                                                                    [01;31m[K^~~~~~~~~~~~[m[K
[01m[K/home/xavier/catkin_ws/src/control_xy/src/control_xy_node_yaw.cpp:[m[K In member function â€˜[01m[Kvoid test_head::loadRoute()[m[Kâ€™:
[01m[K/home/xavier/catkin_ws/src/control_xy/src/control_xy_node_yaw.cpp:317:43:[m[K [01;35m[Kwarning: [m[Kformat â€˜[01m[K%s[m[Kâ€™ expects argument of type â€˜[01m[Kchar*[m[Kâ€™, but argument 3 has type â€˜[01m[Kchar (*)[80][m[Kâ€™ [[01;35m[K-Wformat=[m[K]
    vel_steer.linear.x= 0;
                                           [01;35m[K^[m[K
[01m[K/home/xavier/catkin_ws/src/control_xy/src/control_xy_node_yaw.cpp:317:43:[m[K [01;35m[Kwarning: [m[Kformat â€˜[01m[K%s[m[Kâ€™ expects argument of type â€˜[01m[Kchar*[m[Kâ€™, but argument 4 has type â€˜[01m[Kchar (*)[80][m[Kâ€™ [[01;35m[K-Wformat=[m[K]
make[2]: *** [CMakeFiles/control_xy_node.dir/src/control_xy_node_yaw.cpp.o] Error 1
make[1]: *** [CMakeFiles/control_xy_node.dir/all] Error 2
make: *** [all] Error 2
