[01m[K/home/xavier/catkin_ws/src/control_xy/src/control_xy_odom_wp_nav_spline_mixed2.cpp:1562:5:[m[K [01;31m[Kerror: [m[Kâ€˜[01m[Kloat[m[Kâ€™ does not name a type; did you mean â€˜[01m[Kfloat[m[Kâ€™?
     [01;31m[Kloat[m[K cost_obst,ctrl_side_costmap;
     [01;31m[K^~~~[m[K
     [32m[Kfloat[m[K
[01m[K/home/xavier/catkin_ws/src/control_xy/src/control_xy_odom_wp_nav_spline_mixed2.cpp:[m[K In member function â€˜[01m[Kvoid test_head::costCallback(const Vector3&)[m[Kâ€™:
[01m[K/home/xavier/catkin_ws/src/control_xy/src/control_xy_odom_wp_nav_spline_mixed2.cpp:228:5:[m[K [01;31m[Kerror: [m[Kâ€˜[01m[Kcost_obst[m[Kâ€™ was not declared in this scope
     [01;31m[Kcost_obst[m[K=vector.x;
     [01;31m[K^~~~~~~~~[m[K
[01m[K/home/xavier/catkin_ws/src/control_xy/src/control_xy_odom_wp_nav_spline_mixed2.cpp:228:5:[m[K [01;36m[Knote: [m[Ksuggested alternative: â€˜[01m[Ktime_obst[m[Kâ€™
     [01;36m[Kcost_obst[m[K=vector.x;
     [01;36m[K^~~~~~~~~[m[K
     [32m[Ktime_obst[m[K
[01m[K/home/xavier/catkin_ws/src/control_xy/src/control_xy_odom_wp_nav_spline_mixed2.cpp:[m[K In member function â€˜[01m[Kvoid test_head::near()[m[Kâ€™:
[01m[K/home/xavier/catkin_ws/src/control_xy/src/control_xy_odom_wp_nav_spline_mixed2.cpp:926:17:[m[K [01;31m[Kerror: [m[Kâ€˜[01m[Kctrl_side_costmap[m[Kâ€™ was not declared in this scope
                 [01;31m[Kctrl_side_costmap[m[K=(1-smooth_accel_side_manual)*(joy_side*max_speed_side_manual)+(smooth_accel_side_manual*ctrl_side_manual);
                 [01;31m[K^~~~~~~~~~~~~~~~~[m[K
[01m[K/home/xavier/catkin_ws/src/control_xy/src/control_xy_odom_wp_nav_spline_mixed2.cpp:926:17:[m[K [01;36m[Knote: [m[Ksuggested alternative: â€˜[01m[Kctrl_side_manual[m[Kâ€™
                 [01;36m[Kctrl_side_costmap[m[K=(1-smooth_accel_side_manual)*(joy_side*max_speed_side_manual)+(smooth_accel_side_manual*ctrl_side_manual);
                 [01;36m[K^~~~~~~~~~~~~~~~~[m[K
                 [32m[Kctrl_side_manual[m[K
[01m[K/home/xavier/catkin_ws/src/control_xy/src/control_xy_odom_wp_nav_spline_mixed2.cpp:[m[K In member function â€˜[01m[Kvoid test_head::loadRoute()[m[Kâ€™:
[01m[K/home/xavier/catkin_ws/src/control_xy/src/control_xy_odom_wp_nav_spline_mixed2.cpp:1323:44:[m[K [01;35m[Kwarning: [m[Kformat â€˜[01m[K%s[m[Kâ€™ expects argument of type â€˜[01m[Kchar*[m[Kâ€™, but argument 3 has type â€˜[01m[Kchar (*)[80][m[Kâ€™ [[01;35m[K-Wformat=[m[K]
             sscanf(mystring,"%s %s",[32m[K&rx[m[K,&ry[01;35m[K)[m[K;
                                     [32m[K~~~[m[K    [01;35m[K^[m[K
[01m[K/home/xavier/catkin_ws/src/control_xy/src/control_xy_odom_wp_nav_spline_mixed2.cpp:1323:44:[m[K [01;35m[Kwarning: [m[Kformat â€˜[01m[K%s[m[Kâ€™ expects argument of type â€˜[01m[Kchar*[m[Kâ€™, but argument 4 has type â€˜[01m[Kchar (*)[80][m[Kâ€™ [[01;35m[K-Wformat=[m[K]
make[2]: *** [CMakeFiles/control_xy_node_spline_follow_mixed.dir/src/control_xy_odom_wp_nav_spline_mixed2.cpp.o] Error 1
make[1]: *** [CMakeFiles/control_xy_node_spline_follow_mixed.dir/all] Error 2
make: *** [all] Error 2
