[01m[K/home/xavier/catkin_ws/src/control_xy/src/control_xy_odom_wp_nav_spline_mixed2.cpp:[m[K In constructor â€˜[01m[Ktest_head::test_head(ros::NodeHandle)[m[Kâ€™:
[01m[K/home/xavier/catkin_ws/src/control_xy/src/control_xy_odom_wp_nav_spline_mixed2.cpp:77:48:[m[K [01;31m[Kerror: [m[Kâ€˜[01m[Ktresh_amp_up[m[Kâ€™ was not declared in this scope
         nh.getParam("/control_xy/tresh_amp_up",[01;31m[Ktresh_amp_up[m[K);
                                                [01;31m[K^~~~~~~~~~~~[m[K
[01m[K/home/xavier/catkin_ws/src/control_xy/src/control_xy_odom_wp_nav_spline_mixed2.cpp:77:48:[m[K [01;36m[Knote: [m[Ksuggested alternative: â€˜[01m[Kthresh_amp_up[m[Kâ€™
         nh.getParam("/control_xy/tresh_amp_up",[01;36m[Ktresh_amp_up[m[K);
                                                [01;36m[K^~~~~~~~~~~~[m[K
                                                [32m[Kthresh_amp_up[m[K
[01m[K/home/xavier/catkin_ws/src/control_xy/src/control_xy_odom_wp_nav_spline_mixed2.cpp:78:50:[m[K [01;31m[Kerror: [m[Kâ€˜[01m[Ktresh_amp_down[m[Kâ€™ was not declared in this scope
         nh.getParam("/control_xy/tresh_amp_down",[01;31m[Ktresh_amp_down[m[K);
                                                  [01;31m[K^~~~~~~~~~~~~~[m[K
[01m[K/home/xavier/catkin_ws/src/control_xy/src/control_xy_odom_wp_nav_spline_mixed2.cpp:78:50:[m[K [01;36m[Knote: [m[Ksuggested alternative: â€˜[01m[Kthresh_amp_down[m[Kâ€™
         nh.getParam("/control_xy/tresh_amp_down",[01;36m[Ktresh_amp_down[m[K);
                                                  [01;36m[K^~~~~~~~~~~~~~[m[K
                                                  [32m[Kthresh_amp_down[m[K
[01m[K/home/xavier/catkin_ws/src/control_xy/src/control_xy_odom_wp_nav_spline_mixed2.cpp:[m[K In member function â€˜[01m[Kvoid test_head::amperageCallback(const Vector3&)[m[Kâ€™:
[01m[K/home/xavier/catkin_ws/src/control_xy/src/control_xy_odom_wp_nav_spline_mixed2.cpp:214:15:[m[K [01;31m[Kerror: [m[Kâ€˜[01m[Ktresh_amp_up[m[Kâ€™ was not declared in this scope
     if(amp_m1>[01;31m[Ktresh_amp_up[m[K || amp_m2>tresh_amp_up && heavy==false){
               [01;31m[K^~~~~~~~~~~~[m[K
[01m[K/home/xavier/catkin_ws/src/control_xy/src/control_xy_odom_wp_nav_spline_mixed2.cpp:214:15:[m[K [01;36m[Knote: [m[Ksuggested alternative: â€˜[01m[Kthresh_amp_up[m[Kâ€™
     if(amp_m1>[01;36m[Ktresh_amp_up[m[K || amp_m2>tresh_amp_up && heavy==false){
               [01;36m[K^~~~~~~~~~~~[m[K
               [32m[Kthresh_amp_up[m[K
[01m[K/home/xavier/catkin_ws/src/control_xy/src/control_xy_odom_wp_nav_spline_mixed2.cpp:[m[K In member function â€˜[01m[Kvoid test_head::loadRoute()[m[Kâ€™:
[01m[K/home/xavier/catkin_ws/src/control_xy/src/control_xy_odom_wp_nav_spline_mixed2.cpp:1112:44:[m[K [01;35m[Kwarning: [m[Kformat â€˜[01m[K%s[m[Kâ€™ expects argument of type â€˜[01m[Kchar*[m[Kâ€™, but argument 3 has type â€˜[01m[Kchar (*)[80][m[Kâ€™ [[01;35m[K-Wformat=[m[K]
             sscanf(mystring,"%s %s",[32m[K&rx[m[K,&ry[01;35m[K)[m[K;
                                     [32m[K~~~[m[K    [01;35m[K^[m[K
[01m[K/home/xavier/catkin_ws/src/control_xy/src/control_xy_odom_wp_nav_spline_mixed2.cpp:1112:44:[m[K [01;35m[Kwarning: [m[Kformat â€˜[01m[K%s[m[Kâ€™ expects argument of type â€˜[01m[Kchar*[m[Kâ€™, but argument 4 has type â€˜[01m[Kchar (*)[80][m[Kâ€™ [[01;35m[K-Wformat=[m[K]
make[2]: *** [CMakeFiles/control_xy_node_spline_follow_mixed.dir/src/control_xy_odom_wp_nav_spline_mixed2.cpp.o] Error 1
make[1]: *** [CMakeFiles/control_xy_node_spline_follow_mixed.dir/all] Error 2
make: *** [all] Error 2
