[01m[K/home/xavier/catkin_ws/src/control_xy/src/control_xy_odom_wp_nav_spline_mixed2.cpp:[m[K In member function â€˜[01m[Kvoid test_head::angPeopCallback4(const Vector3&)[m[Kâ€™:
[01m[K/home/xavier/catkin_ws/src/control_xy/src/control_xy_odom_wp_nav_spline_mixed2.cpp:495:42:[m[K [01;31m[Kerror: [m[Kâ€˜[01m[Knpcx[m[Kâ€™ was not declared in this scope
     fprintf(fp2,"%f,%f,%f,%f,%f,%f,%i\n",[01;31m[Knpcx[m[K,npcy,px,py,angobs,ang_robot,cont_sp_follow);
                                          [01;31m[K^~~~[m[K
[01m[K/home/xavier/catkin_ws/src/control_xy/src/control_xy_odom_wp_nav_spline_mixed2.cpp:495:42:[m[K [01;36m[Knote: [m[Ksuggested alternative: â€˜[01m[Kpx[m[Kâ€™
     fprintf(fp2,"%f,%f,%f,%f,%f,%f,%i\n",[01;36m[Knpcx[m[K,npcy,px,py,angobs,ang_robot,cont_sp_follow);
                                          [01;36m[K^~~~[m[K
                                          [32m[Kpx[m[K
[01m[K/home/xavier/catkin_ws/src/control_xy/src/control_xy_odom_wp_nav_spline_mixed2.cpp:495:47:[m[K [01;31m[Kerror: [m[Kâ€˜[01m[Knpcy[m[Kâ€™ was not declared in this scope
     fprintf(fp2,"%f,%f,%f,%f,%f,%f,%i\n",npcx,[01;31m[Knpcy[m[K,px,py,angobs,ang_robot,cont_sp_follow);
                                               [01;31m[K^~~~[m[K
[01m[K/home/xavier/catkin_ws/src/control_xy/src/control_xy_odom_wp_nav_spline_mixed2.cpp:495:47:[m[K [01;36m[Knote: [m[Ksuggested alternative: â€˜[01m[Kpy[m[Kâ€™
     fprintf(fp2,"%f,%f,%f,%f,%f,%f,%i\n",npcx,[01;36m[Knpcy[m[K,px,py,angobs,ang_robot,cont_sp_follow);
                                               [01;36m[K^~~~[m[K
                                               [32m[Kpy[m[K
[01m[K/home/xavier/catkin_ws/src/control_xy/src/control_xy_odom_wp_nav_spline_mixed2.cpp:495:58:[m[K [01;31m[Kerror: [m[Kâ€˜[01m[Kangobs[m[Kâ€™ was not declared in this scope
     fprintf(fp2,"%f,%f,%f,%f,%f,%f,%i\n",npcx,npcy,px,py,[01;31m[Kangobs[m[K,ang_robot,cont_sp_follow);
                                                          [01;31m[K^~~~~~[m[K
[01m[K/home/xavier/catkin_ws/src/control_xy/src/control_xy_odom_wp_nav_spline_mixed2.cpp:495:58:[m[K [01;36m[Knote: [m[Ksuggested alternative: â€˜[01m[Kabs[m[Kâ€™
     fprintf(fp2,"%f,%f,%f,%f,%f,%f,%i\n",npcx,npcy,px,py,[01;36m[Kangobs[m[K,ang_robot,cont_sp_follow);
                                                          [01;36m[K^~~~~~[m[K
                                                          [32m[Kabs[m[K
[01m[K/home/xavier/catkin_ws/src/control_xy/src/control_xy_odom_wp_nav_spline_mixed2.cpp:[m[K In member function â€˜[01m[Kvoid test_head::loadRoute()[m[Kâ€™:
[01m[K/home/xavier/catkin_ws/src/control_xy/src/control_xy_odom_wp_nav_spline_mixed2.cpp:1044:43:[m[K [01;35m[Kwarning: [m[Kformat â€˜[01m[K%s[m[Kâ€™ expects argument of type â€˜[01m[Kchar*[m[Kâ€™, but argument 3 has type â€˜[01m[Kchar (*)[80][m[Kâ€™ [[01;35m[K-Wformat=[m[K]
            sscanf(mystring,"%s %s",[32m[K&rx[m[K,&ry[01;35m[K)[m[K;
                                    [32m[K~~~[m[K    [01;35m[K^[m[K
[01m[K/home/xavier/catkin_ws/src/control_xy/src/control_xy_odom_wp_nav_spline_mixed2.cpp:1044:43:[m[K [01;35m[Kwarning: [m[Kformat â€˜[01m[K%s[m[Kâ€™ expects argument of type â€˜[01m[Kchar*[m[Kâ€™, but argument 4 has type â€˜[01m[Kchar (*)[80][m[Kâ€™ [[01;35m[K-Wformat=[m[K]
make[2]: *** [CMakeFiles/control_xy_node_spline_follow_mixed.dir/src/control_xy_odom_wp_nav_spline_mixed2.cpp.o] Error 1
make[1]: *** [CMakeFiles/control_xy_node_spline_follow_mixed.dir/all] Error 2
make: *** [all] Error 2
