[01m[K/home/xavier/catkin_ws/src/control_xy/src/control_xy_odom_wp_nav_spline_mixed2.cpp:[m[K In member function â€˜[01m[Kvoid test_head::angCamCallback2(const Float32&)[m[Kâ€™:
[01m[K/home/xavier/catkin_ws/src/control_xy/src/control_xy_odom_wp_nav_spline_mixed2.cpp:298:167:[m[K [01;31m[Kerror: [m[Kâ€˜[01m[Kang_peoplidar[m[Kâ€™ was not declared in this scope
    if(ang_peop_lidar<ang_peop_cam+9 && ang_peop_lidar> ang_peop_cam-9  && distanciaPeople2<aux_dist && distanciaPeople2<210 && ang_peop_cam>-30 && ang_peop_cam<30 && [01;31m[Kang_peoplidar[m[K){
                                                                                                                                                                       [01;31m[K^~~~~~~~~~~~~[m[K
[01m[K/home/xavier/catkin_ws/src/control_xy/src/control_xy_odom_wp_nav_spline_mixed2.cpp:298:167:[m[K [01;36m[Knote: [m[Ksuggested alternative: â€˜[01m[Kang_peop_lidar[m[Kâ€™
    if(ang_peop_lidar<ang_peop_cam+9 && ang_peop_lidar> ang_peop_cam-9  && distanciaPeople2<aux_dist && distanciaPeople2<210 && ang_peop_cam>-30 && ang_peop_cam<30 && [01;36m[Kang_peoplidar[m[K){
                                                                                                                                                                       [01;36m[K^~~~~~~~~~~~~[m[K
                                                                                                                                                                       [32m[Kang_peop_lidar[m[K
[01m[K/home/xavier/catkin_ws/src/control_xy/src/control_xy_odom_wp_nav_spline_mixed2.cpp:[m[K In member function â€˜[01m[Kvoid test_head::loadRoute()[m[Kâ€™:
[01m[K/home/xavier/catkin_ws/src/control_xy/src/control_xy_odom_wp_nav_spline_mixed2.cpp:897:43:[m[K [01;35m[Kwarning: [m[Kformat â€˜[01m[K%s[m[Kâ€™ expects argument of type â€˜[01m[Kchar*[m[Kâ€™, but argument 3 has type â€˜[01m[Kchar (*)[80][m[Kâ€™ [[01;35m[K-Wformat=[m[K]
            sscanf(mystring,"%s %s",[32m[K&rx[m[K,&ry[01;35m[K)[m[K;
                                    [32m[K~~~[m[K    [01;35m[K^[m[K
[01m[K/home/xavier/catkin_ws/src/control_xy/src/control_xy_odom_wp_nav_spline_mixed2.cpp:897:43:[m[K [01;35m[Kwarning: [m[Kformat â€˜[01m[K%s[m[Kâ€™ expects argument of type â€˜[01m[Kchar*[m[Kâ€™, but argument 4 has type â€˜[01m[Kchar (*)[80][m[Kâ€™ [[01;35m[K-Wformat=[m[K]
make[2]: *** [CMakeFiles/control_xy_node_spline_follow_mixed.dir/src/control_xy_odom_wp_nav_spline_mixed2.cpp.o] Error 1
make[1]: *** [CMakeFiles/control_xy_node_spline_follow_mixed.dir/all] Error 2
make: *** [all] Error 2
