[  0%] Built target std_msgs_generate_messages_lisp
[  0%] Built target _control_xy_generate_messages_check_deps_State
[  0%] Built target _control_xy_generate_messages_check_deps_Obstacle
[  0%] Built target _control_xy_generate_messages_check_deps_TriggerAction
[  0%] Built target actionlib_msgs_generate_messages_lisp
[  0%] Built target _control_xy_generate_messages_check_deps_DriveWheel
[  0%] Built target _control_xy_generate_messages_check_deps_StateWheels
[  0%] Built target rosgraph_msgs_generate_messages_py
[  0%] Built target actionlib_msgs_generate_messages_py
[  0%] Built target rosgraph_msgs_generate_messages_eus
[  0%] Built target std_msgs_generate_messages_py
[  0%] Built target std_msgs_generate_messages_eus
[  0%] Built target rosgraph_msgs_generate_messages_cpp
[  0%] Built target roscpp_generate_messages_py
[  0%] Built target actionlib_msgs_generate_messages_eus
[  0%] Built target actionlib_msgs_generate_messages_nodejs
[  0%] Built target std_msgs_generate_messages_nodejs
[  0%] Built target roscpp_generate_messages_eus
[  0%] Built target roscpp_generate_messages_nodejs
[  0%] Built target roscpp_generate_messages_lisp
[  0%] Built target std_msgs_generate_messages_cpp
[  0%] Built target roscpp_generate_messages_cpp
[  0%] Built target rosgraph_msgs_generate_messages_nodejs
[  0%] Built target actionlib_msgs_generate_messages_cpp
[  0%] Built target rosgraph_msgs_generate_messages_lisp
[ 14%] Built target control_xy_generate_messages_lisp
[ 31%] Built target control_xy_generate_messages_py
[ 48%] Built target control_xy_generate_messages_eus
[ 62%] Built target control_xy_generate_messages_cpp
[ 77%] Built target control_xy_generate_messages_nodejs
[35m[1mScanning dependencies of target control_xy_node_spline_follow_mixed[0m
[ 77%] Built target control_xy_generate_messages
[ 82%] Built target control_xy_node
[ 88%] Built target control_xy_node_spline
[ 91%] [32mBuilding CXX object CMakeFiles/control_xy_node_spline_follow_mixed.dir/src/control_xy_odom_wp_nav_spline_mixed2.cpp.o[0m
[ 97%] Built target control_xy_node_spline_follow
In file included from [01m[K/opt/ros/melodic/include/ros/node_handle.h:32:0[m[K,
                 from [01m[K/opt/ros/melodic/include/ros/ros.h:45[m[K,
                 from [01m[K/home/xavier/catkin_ws/src/control_xy/src/control_xy_odom_wp_nav_spline_mixed2.cpp:1[m[K:
[01m[K/opt/ros/melodic/include/ros/publisher.h:53:52:[m[K [01;35m[Kwarning: [m[Kdefaulted and deleted functions only available with -std=c++11 or -std=gnu++11
     Publisher& operator=(const Publisher& other) = default;
[01;32m[K                                                    ^[m[K
In file included from [01m[K/opt/ros/melodic/include/ros/node_handle.h:33:0[m[K,
                 from [01m[K/opt/ros/melodic/include/ros/ros.h:45[m[K,
                 from [01m[K/home/xavier/catkin_ws/src/control_xy/src/control_xy_odom_wp_nav_spline_mixed2.cpp:1[m[K:
[01m[K/opt/ros/melodic/include/ros/subscriber.h:52:52:[m[K [01;35m[Kwarning: [m[Kdefaulted and deleted functions only available with -std=c++11 or -std=gnu++11
   Subscriber& operator=(const Subscriber& other) = default;
[01;32m[K                                                    ^[m[K
In file included from [01m[K/opt/ros/melodic/include/ros/node_handle.h:34:0[m[K,
                 from [01m[K/opt/ros/melodic/include/ros/ros.h:45[m[K,
                 from [01m[K/home/xavier/catkin_ws/src/control_xy/src/control_xy_odom_wp_nav_spline_mixed2.cpp:1[m[K:
[01m[K/opt/ros/melodic/include/ros/service_server.h:51:58:[m[K [01;35m[Kwarning: [m[Kdefaulted and deleted functions only available with -std=c++11 or -std=gnu++11
   ServiceServer& operator=(const ServiceServer& other) = default;
[01;32m[K                                                          ^[m[K
In file included from [01m[K/opt/ros/melodic/include/ros/node_handle.h:35:0[m[K,
                 from [01m[K/opt/ros/melodic/include/ros/ros.h:45[m[K,
                 from [01m[K/home/xavier/catkin_ws/src/control_xy/src/control_xy_odom_wp_nav_spline_mixed2.cpp:1[m[K:
[01m[K/opt/ros/melodic/include/ros/service_client.h:49:58:[m[K [01;35m[Kwarning: [m[Kdefaulted and deleted functions only available with -std=c++11 or -std=gnu++11
   ServiceClient& operator=(const ServiceClient& other) = default;
[01;32m[K                                                          ^[m[K
In file included from [01m[K/opt/ros/melodic/include/ros/node_handle.h:36:0[m[K,
                 from [01m[K/opt/ros/melodic/include/ros/ros.h:45[m[K,
                 from [01m[K/home/xavier/catkin_ws/src/control_xy/src/control_xy_odom_wp_nav_spline_mixed2.cpp:1[m[K:
[01m[K/opt/ros/melodic/include/ros/timer.h:52:42:[m[K [01;35m[Kwarning: [m[Kdefaulted and deleted functions only available with -std=c++11 or -std=gnu++11
   Timer& operator=(const Timer& other) = default;
[01;32m[K                                          ^[m[K
In file included from [01m[K/opt/ros/melodic/include/ros/node_handle.h:38:0[m[K,
                 from [01m[K/opt/ros/melodic/include/ros/ros.h:45[m[K,
                 from [01m[K/home/xavier/catkin_ws/src/control_xy/src/control_xy_odom_wp_nav_spline_mixed2.cpp:1[m[K:
[01m[K/opt/ros/melodic/include/ros/wall_timer.h:52:50:[m[K [01;35m[Kwarning: [m[Kdefaulted and deleted functions only available with -std=c++11 or -std=gnu++11
   WallTimer& operator=(const WallTimer& other) = default;
[01;32m[K                                                  ^[m[K
In file included from [01m[K/opt/ros/melodic/include/ros/node_handle.h:39:0[m[K,
                 from [01m[K/opt/ros/melodic/include/ros/ros.h:45[m[K,
                 from [01m[K/home/xavier/catkin_ws/src/control_xy/src/control_xy_odom_wp_nav_spline_mixed2.cpp:1[m[K:
[01m[K/opt/ros/melodic/include/ros/steady_timer.h:52:54:[m[K [01;35m[Kwarning: [m[Kdefaulted and deleted functions only available with -std=c++11 or -std=gnu++11
   SteadyTimer& operator=(const SteadyTimer& other) = default;
[01;32m[K                                                      ^[m[K
[01m[K/home/xavier/catkin_ws/src/control_xy/src/control_xy_odom_wp_nav_spline_mixed2.cpp:[m[K In member function â€˜[01m[Kvoid test_head::loadRoute()[m[Kâ€™:
[01m[K/home/xavier/catkin_ws/src/control_xy/src/control_xy_odom_wp_nav_spline_mixed2.cpp:1702:44:[m[K [01;35m[Kwarning: [m[Kformat â€˜[01m[K%s[m[Kâ€™ expects argument of type â€˜[01m[Kchar*[m[Kâ€™, but argument 3 has type â€˜[01m[Kchar (*)[80][m[Kâ€™ [-Wformat=]
             sscanf(mystring,"%s %s",&rx,&ry);
[01;32m[K                                            ^[m[K
[01m[K/home/xavier/catkin_ws/src/control_xy/src/control_xy_odom_wp_nav_spline_mixed2.cpp:1702:44:[m[K [01;35m[Kwarning: [m[Kformat â€˜[01m[K%s[m[Kâ€™ expects argument of type â€˜[01m[Kchar*[m[Kâ€™, but argument 4 has type â€˜[01m[Kchar (*)[80][m[Kâ€™ [-Wformat=]
[01m[K/home/xavier/catkin_ws/src/control_xy/src/control_xy_odom_wp_nav_spline_mixed2.cpp:[m[K In member function â€˜[01m[Kvoid test_head::joyCallback(const ConstPtr&)[m[Kâ€™:
[01m[K/home/xavier/catkin_ws/src/control_xy/src/control_xy_odom_wp_nav_spline_mixed2.cpp:1808:25:[m[K [01;31m[Kerror: [m[Kâ€˜[01m[Kmax[m[Kâ€™ was not declared in this scope
                         max
[01;32m[K                         ^[m[K
[01m[K/home/xavier/catkin_ws/src/control_xy/src/control_xy_odom_wp_nav_spline_mixed2.cpp:1808:25:[m[K [01;36m[Knote: [m[Ksuggested alternatives:
In file included from [01m[K/usr/include/c++/5/bits/char_traits.h:39:0[m[K,
                 from [01m[K/usr/include/c++/5/string:40[m[K,
                 from [01m[K/opt/ros/melodic/include/ros/platform.h:38[m[K,
                 from [01m[K/opt/ros/melodic/include/ros/time.h:53[m[K,
                 from [01m[K/opt/ros/melodic/include/ros/ros.h:38[m[K,
                 from [01m[K/home/xavier/catkin_ws/src/control_xy/src/control_xy_odom_wp_nav_spline_mixed2.cpp:1[m[K:
[01m[K/usr/include/c++/5/bits/stl_algobase.h:265:5:[m[K [01;36m[Knote: [m[K  â€˜[01m[Kstd::max[m[Kâ€™
     max(const _Tp& __a, const _Tp& __b, _Compare __comp)
[01;32m[K     ^[m[K
In file included from [01m[K/usr/include/boost/math/special_functions/round.hpp:13:0[m[K,
                 from [01m[K/opt/ros/melodic/include/ros/time.h:58[m[K,
                 from [01m[K/opt/ros/melodic/include/ros/ros.h:38[m[K,
                 from [01m[K/home/xavier/catkin_ws/src/control_xy/src/control_xy_odom_wp_nav_spline_mixed2.cpp:1[m[K:
[01m[K/usr/include/boost/math/tools/config.hpp:347:10:[m[K [01;36m[Knote: [m[K  â€˜[01m[Kboost::math::tools::max[m[Kâ€™
 inline T max BOOST_PREVENT_MACRO_SUBSTITUTION(T a, T b, T c, T d) BOOST_MATH_NOEXCEPT(T)
[01;32m[K          ^[m[K
CMakeFiles/control_xy_node_spline_follow_mixed.dir/build.make:62: recipe for target 'CMakeFiles/control_xy_node_spline_follow_mixed.dir/src/control_xy_odom_wp_nav_spline_mixed2.cpp.o' failed
make[2]: *** [CMakeFiles/control_xy_node_spline_follow_mixed.dir/src/control_xy_odom_wp_nav_spline_mixed2.cpp.o] Error 1
CMakeFiles/Makefile2:606: recipe for target 'CMakeFiles/control_xy_node_spline_follow_mixed.dir/all' failed
make[1]: *** [CMakeFiles/control_xy_node_spline_follow_mixed.dir/all] Error 2
Makefile:140: recipe for target 'all' failed
make: *** [all] Error 2
