[01m[K/home/xavier/catkin_ws/src/control_xy/src/control_xy_odom_wp_nav_spline_mixed2.cpp:[m[K In member function â€˜[01m[Kvoid test_head::angPeopCallback4(const Vector3&)[m[Kâ€™:
[01m[K/home/xavier/catkin_ws/src/control_xy/src/control_xy_odom_wp_nav_spline_mixed2.cpp:523:61:[m[K [01;31m[Kerror: [m[Kâ€˜[01m[Kjoy[m[Kâ€™ was not declared in this scope
                 ctrl_add_side=(1-smooth_accel_side_manual)*([01;31m[Kjoy[m[K->axes[0]*max_speed_side_manual)+(smooth_accel_side_manual*ctrl_side_manual);
                                                             [01;31m[K^~~[m[K
[01m[K/home/xavier/catkin_ws/src/control_xy/src/control_xy_odom_wp_nav_spline_mixed2.cpp:[m[K In member function â€˜[01m[Kvoid test_head::near()[m[Kâ€™:
[01m[K/home/xavier/catkin_ws/src/control_xy/src/control_xy_odom_wp_nav_spline_mixed2.cpp:737:61:[m[K [01;31m[Kerror: [m[Kâ€˜[01m[Kjoy[m[Kâ€™ was not declared in this scope
                 ctrl_add_side=(1-smooth_accel_side_manual)*([01;31m[Kjoy[m[K->axes[0]*max_speed_side_manual)+(smooth_accel_side_manual*ctrl_side_manual);
                                                             [01;31m[K^~~[m[K
[01m[K/home/xavier/catkin_ws/src/control_xy/src/control_xy_odom_wp_nav_spline_mixed2.cpp:[m[K In member function â€˜[01m[Kvoid test_head::loadRoute()[m[Kâ€™:
[01m[K/home/xavier/catkin_ws/src/control_xy/src/control_xy_odom_wp_nav_spline_mixed2.cpp:1095:44:[m[K [01;35m[Kwarning: [m[Kformat â€˜[01m[K%s[m[Kâ€™ expects argument of type â€˜[01m[Kchar*[m[Kâ€™, but argument 3 has type â€˜[01m[Kchar (*)[80][m[Kâ€™ [[01;35m[K-Wformat=[m[K]
             sscanf(mystring,"%s %s",[32m[K&rx[m[K,&ry[01;35m[K)[m[K;
                                     [32m[K~~~[m[K    [01;35m[K^[m[K
[01m[K/home/xavier/catkin_ws/src/control_xy/src/control_xy_odom_wp_nav_spline_mixed2.cpp:1095:44:[m[K [01;35m[Kwarning: [m[Kformat â€˜[01m[K%s[m[Kâ€™ expects argument of type â€˜[01m[Kchar*[m[Kâ€™, but argument 4 has type â€˜[01m[Kchar (*)[80][m[Kâ€™ [[01;35m[K-Wformat=[m[K]
make[2]: *** [CMakeFiles/control_xy_node_spline_follow_mixed.dir/src/control_xy_odom_wp_nav_spline_mixed2.cpp.o] Error 1
make[1]: *** [CMakeFiles/control_xy_node_spline_follow_mixed.dir/all] Error 2
make: *** [all] Error 2
