[01m[K/home/xavier/catkin_ws/src/control_xy/src/control_xy_odom_wp_nav_spline_mixed2.cpp:[m[K In member function â€˜[01m[Kvoid test_head::amperageCallback(const StateWheels&)[m[Kâ€™:
[01m[K/home/xavier/catkin_ws/src/control_xy/src/control_xy_odom_wp_nav_spline_mixed2.cpp:258:13:[m[K [01;31m[Kerror: [m[Kâ€˜[01m[Kn_flag[m[Kâ€™ was not declared in this scope
             [01;31m[Kn_flag[m[K=true;
             [01;31m[K^~~~~~[m[K
[01m[K/home/xavier/catkin_ws/src/control_xy/src/control_xy_odom_wp_nav_spline_mixed2.cpp:258:13:[m[K [01;36m[Knote: [m[Ksuggested alternative: â€˜[01m[Kn_flag_r[m[Kâ€™
             [01;36m[Kn_flag[m[K=true;
             [01;36m[K^~~~~~[m[K
             [32m[Kn_flag_r[m[K
[01m[K/home/xavier/catkin_ws/src/control_xy/src/control_xy_odom_wp_nav_spline_mixed2.cpp:325:40:[m[K [01;31m[Kerror: [m[Kâ€˜[01m[Kalf[m[Kâ€™ was not declared in this scope
         fil_der_l_curr= fil_der_l_curr*[01;31m[Kalf[m[K+ der_l_curr*(1-alf);
                                        [01;31m[K^~~[m[K
[01m[K/home/xavier/catkin_ws/src/control_xy/src/control_xy_odom_wp_nav_spline_mixed2.cpp:325:40:[m[K [01;36m[Knote: [m[Ksuggested alternative: â€˜[01m[Kalfa[m[Kâ€™
         fil_der_l_curr= fil_der_l_curr*[01;36m[Kalf[m[K+ der_l_curr*(1-alf);
                                        [01;36m[K^~~[m[K
                                        [32m[Kalfa[m[K
[01m[K/home/xavier/catkin_ws/src/control_xy/src/control_xy_odom_wp_nav_spline_mixed2.cpp:[m[K In member function â€˜[01m[Kvoid test_head::mode_MANUAL()[m[Kâ€™:
[01m[K/home/xavier/catkin_ws/src/control_xy/src/control_xy_odom_wp_nav_spline_mixed2.cpp:1196:5:[m[K [01;31m[Kerror: [m[Kâ€˜[01m[Kn_flag[m[Kâ€™ was not declared in this scope
     [01;31m[Kn_flag[m[K=false;
     [01;31m[K^~~~~~[m[K
[01m[K/home/xavier/catkin_ws/src/control_xy/src/control_xy_odom_wp_nav_spline_mixed2.cpp:1196:5:[m[K [01;36m[Knote: [m[Ksuggested alternative: â€˜[01m[Kn_flag_r[m[Kâ€™
     [01;36m[Kn_flag[m[K=false;
     [01;36m[K^~~~~~[m[K
     [32m[Kn_flag_r[m[K
[01m[K/home/xavier/catkin_ws/src/control_xy/src/control_xy_odom_wp_nav_spline_mixed2.cpp:1197:5:[m[K [01;31m[Kerror: [m[Kâ€˜[01m[Kd_flag[m[Kâ€™ was not declared in this scope
     [01;31m[Kd_flag[m[K=true;
     [01;31m[K^~~~~~[m[K
[01m[K/home/xavier/catkin_ws/src/control_xy/src/control_xy_odom_wp_nav_spline_mixed2.cpp:1197:5:[m[K [01;36m[Knote: [m[Ksuggested alternative: â€˜[01m[Kd_flag_r[m[Kâ€™
     [01;36m[Kd_flag[m[K=true;
     [01;36m[K^~~~~~[m[K
     [32m[Kd_flag_r[m[K
[01m[K/home/xavier/catkin_ws/src/control_xy/src/control_xy_odom_wp_nav_spline_mixed2.cpp:[m[K In member function â€˜[01m[Kvoid test_head::loadRoute()[m[Kâ€™:
[01m[K/home/xavier/catkin_ws/src/control_xy/src/control_xy_odom_wp_nav_spline_mixed2.cpp:1283:44:[m[K [01;35m[Kwarning: [m[Kformat â€˜[01m[K%s[m[Kâ€™ expects argument of type â€˜[01m[Kchar*[m[Kâ€™, but argument 3 has type â€˜[01m[Kchar (*)[80][m[Kâ€™ [[01;35m[K-Wformat=[m[K]
             sscanf(mystring,"%s %s",[32m[K&rx[m[K,&ry[01;35m[K)[m[K;
                                     [32m[K~~~[m[K    [01;35m[K^[m[K
[01m[K/home/xavier/catkin_ws/src/control_xy/src/control_xy_odom_wp_nav_spline_mixed2.cpp:1283:44:[m[K [01;35m[Kwarning: [m[Kformat â€˜[01m[K%s[m[Kâ€™ expects argument of type â€˜[01m[Kchar*[m[Kâ€™, but argument 4 has type â€˜[01m[Kchar (*)[80][m[Kâ€™ [[01;35m[K-Wformat=[m[K]
make[2]: *** [CMakeFiles/control_xy_node_spline_follow_mixed.dir/src/control_xy_odom_wp_nav_spline_mixed2.cpp.o] Error 1
make[1]: *** [CMakeFiles/control_xy_node_spline_follow_mixed.dir/all] Error 2
make: *** [all] Error 2
