[01m[K/home/xavier/catkin_ws/src/control_xy/src/control_xy_odom_wp_nav_spline_mixed2.cpp:28:1:[m[K [01;31m[Kerror: [m[Kâ€˜[01m[Kj[m[Kâ€™ does not name a type; did you mean â€˜[01m[Kjn[m[Kâ€™?
 [01;31m[Kj[m[K
 [01;31m[K^[m[K
 [32m[Kjn[m[K
[01m[K/home/xavier/catkin_ws/src/control_xy/src/control_xy_odom_wp_nav_spline_mixed2.cpp:[m[K In function â€˜[01m[Kint main(int, char**)[m[Kâ€™:
[01m[K/home/xavier/catkin_ws/src/control_xy/src/control_xy_odom_wp_nav_spline_mixed2.cpp:1301:5:[m[K [01;31m[Kerror: [m[Kâ€˜[01m[Ktest_head[m[Kâ€™ was not declared in this scope
     [01;31m[Ktest_head[m[K test_head_obj(nh);
     [01;31m[K^~~~~~~~~[m[K
make[2]: *** [CMakeFiles/control_xy_node_spline_follow_mixed.dir/src/control_xy_odom_wp_nav_spline_mixed2.cpp.o] Error 1
make[1]: *** [CMakeFiles/control_xy_node_spline_follow_mixed.dir/all] Error 2
make: *** [all] Error 2
