[35m[1mScanning dependencies of target actionlib_msgs_generate_messages_py[0m
[35m[1mScanning dependencies of target tf2_msgs_generate_messages_nodejs[0m
[  0%] Built target actionlib_msgs_generate_messages_py
[  0%] Built target tf2_msgs_generate_messages_nodejs
[35m[1mScanning dependencies of target tf2_msgs_generate_messages_eus[0m
[  0%] Built target tf2_msgs_generate_messages_eus
[35m[1mScanning dependencies of target tf2_msgs_generate_messages_cpp[0m
[  0%] Built target tf2_msgs_generate_messages_cpp
[35m[1mScanning dependencies of target nodelet_generate_messages_nodejs[0m
[  0%] Built target nodelet_generate_messages_nodejs
[35m[1mScanning dependencies of target pcl_msgs_generate_messages_nodejs[0m
[  0%] Built target pcl_msgs_generate_messages_nodejs
[35m[1mScanning dependencies of target nodelet_generate_messages_eus[0m
[  0%] Built target nodelet_generate_messages_eus
[35m[1mScanning dependencies of target geometry_msgs_generate_messages_lisp[0m
[  0%] Built target geometry_msgs_generate_messages_lisp
[35m[1mScanning dependencies of target tf2_msgs_generate_messages_lisp[0m
[35m[1mScanning dependencies of target dynamic_reconfigure_gencfg[0m
[  0%] Built target tf2_msgs_generate_messages_lisp
[  0%] Built target dynamic_reconfigure_gencfg
[35m[1mScanning dependencies of target geometry_msgs_generate_messages_py[0m
[  0%] Built target geometry_msgs_generate_messages_py
[35m[1mScanning dependencies of target dynamic_reconfigure_generate_messages_py[0m
[  0%] Built target dynamic_reconfigure_generate_messages_py
[35m[1mScanning dependencies of target dynamic_reconfigure_generate_messages_lisp[0m
[  0%] Built target dynamic_reconfigure_generate_messages_lisp
[35m[1mScanning dependencies of target pcl_msgs_generate_messages_cpp[0m
[  0%] Built target pcl_msgs_generate_messages_cpp
[35m[1mScanning dependencies of target topic_tools_generate_messages_cpp[0m
[35m[1mScanning dependencies of target rosgraph_msgs_generate_messages_cpp[0m
[  0%] Built target rosgraph_msgs_generate_messages_cpp
[35m[1mScanning dependencies of target pcl_ros_gencfg[0m
[  0%] Built target topic_tools_generate_messages_cpp
[35m[1mScanning dependencies of target topic_tools_generate_messages_nodejs[0m
[  0%] Built target pcl_ros_gencfg
[35m[1mScanning dependencies of target tf2_msgs_generate_messages_py[0m
[  0%] Built target topic_tools_generate_messages_nodejs
[35m[1mScanning dependencies of target actionlib_generate_messages_py[0m
[  0%] Built target tf2_msgs_generate_messages_py
[35m[1mScanning dependencies of target dynamic_reconfigure_generate_messages_eus[0m
[  0%] Built target actionlib_generate_messages_py
[  0%] Built target dynamic_reconfigure_generate_messages_eus
[35m[1mScanning dependencies of target std_msgs_generate_messages_nodejs[0m
[35m[1mScanning dependencies of target bond_generate_messages_lisp[0m
[  0%] Built target std_msgs_generate_messages_nodejs
[  0%] Built target bond_generate_messages_lisp
[35m[1mScanning dependencies of target nodelet_generate_messages_lisp[0m
[35m[1mScanning dependencies of target sensor_msgs_generate_messages_lisp[0m
[  0%] Built target nodelet_generate_messages_lisp
[  0%] Built target sensor_msgs_generate_messages_lisp
[35m[1mScanning dependencies of target std_msgs_generate_messages_cpp[0m
[35m[1mScanning dependencies of target nodelet_generate_messages_cpp[0m
[  0%] Built target std_msgs_generate_messages_cpp
[  0%] Built target nodelet_generate_messages_cpp
[35m[1mScanning dependencies of target bond_generate_messages_py[0m
[35m[1mScanning dependencies of target std_srvs_generate_messages_nodejs[0m
[  0%] Built target bond_generate_messages_py
[  0%] Built target std_srvs_generate_messages_nodejs
[35m[1mScanning dependencies of target actionlib_generate_messages_lisp[0m
[35m[1mScanning dependencies of target geometry_msgs_generate_messages_cpp[0m
[  0%] Built target actionlib_generate_messages_lisp
[  0%] Built target geometry_msgs_generate_messages_cpp
[35m[1mScanning dependencies of target roscpp_generate_messages_cpp[0m
[35m[1mScanning dependencies of target sensor_msgs_generate_messages_nodejs[0m
[  0%] Built target roscpp_generate_messages_cpp
[  0%] Built target sensor_msgs_generate_messages_nodejs
[35m[1mScanning dependencies of target actionlib_generate_messages_cpp[0m
[35m[1mScanning dependencies of target geometry_msgs_generate_messages_nodejs[0m
[  0%] Built target actionlib_generate_messages_cpp
[  0%] Built target geometry_msgs_generate_messages_nodejs
[35m[1mScanning dependencies of target std_srvs_generate_messages_eus[0m
[35m[1mScanning dependencies of target roscpp_generate_messages_lisp[0m
[  0%] Built target std_srvs_generate_messages_eus
[  0%] Built target roscpp_generate_messages_lisp
[35m[1mScanning dependencies of target bond_generate_messages_eus[0m
[  0%] Built target bond_generate_messages_eus
[35m[1mScanning dependencies of target std_msgs_generate_messages_lisp[0m
[35m[1mScanning dependencies of target roscpp_generate_messages_nodejs[0m
[  0%] Built target std_msgs_generate_messages_lisp
[  0%] Built target roscpp_generate_messages_nodejs
[35m[1mScanning dependencies of target geometry_msgs_generate_messages_eus[0m
[35m[1mScanning dependencies of target std_msgs_generate_messages_py[0m
[  0%] Built target geometry_msgs_generate_messages_eus
[35m[1mScanning dependencies of target roscpp_generate_messages_py[0m
[  0%] Built target std_msgs_generate_messages_py
[  0%] Built target roscpp_generate_messages_py
[35m[1mScanning dependencies of target dynamic_reconfigure_generate_messages_nodejs[0m
[35m[1mScanning dependencies of target rosgraph_msgs_generate_messages_eus[0m
[  0%] Built target dynamic_reconfigure_generate_messages_nodejs
[  0%] Built target rosgraph_msgs_generate_messages_eus
[35m[1mScanning dependencies of target rosgraph_msgs_generate_messages_lisp[0m
[35m[1mScanning dependencies of target std_msgs_generate_messages_eus[0m
[  0%] Built target rosgraph_msgs_generate_messages_lisp
[  0%] Built target std_msgs_generate_messages_eus
[35m[1mScanning dependencies of target actionlib_msgs_generate_messages_eus[0m
[  0%] Built target actionlib_msgs_generate_messages_eus
[35m[1mScanning dependencies of target roscpp_generate_messages_eus[0m
[  0%] Built target roscpp_generate_messages_eus
[35m[1mScanning dependencies of target rosgraph_msgs_generate_messages_py[0m
[  0%] Built target rosgraph_msgs_generate_messages_py
[35m[1mScanning dependencies of target rosgraph_msgs_generate_messages_nodejs[0m
[  0%] Built target rosgraph_msgs_generate_messages_nodejs
[35m[1mScanning dependencies of target bond_generate_messages_cpp[0m
[  0%] Built target bond_generate_messages_cpp
[35m[1mScanning dependencies of target bond_generate_messages_nodejs[0m
[  0%] Built target bond_generate_messages_nodejs
[35m[1mScanning dependencies of target topic_tools_generate_messages_py[0m
[  0%] Built target topic_tools_generate_messages_py
[35m[1mScanning dependencies of target actionlib_msgs_generate_messages_nodejs[0m
[  0%] Built target actionlib_msgs_generate_messages_nodejs
[35m[1mScanning dependencies of target nodelet_topic_tools_gencfg[0m
[  0%] Built target nodelet_topic_tools_gencfg
[35m[1mScanning dependencies of target std_srvs_generate_messages_lisp[0m
[  0%] Built target std_srvs_generate_messages_lisp
[35m[1mScanning dependencies of target topic_tools_generate_messages_lisp[0m
[  0%] Built target topic_tools_generate_messages_lisp
[35m[1mScanning dependencies of target pcl_msgs_generate_messages_eus[0m
[  0%] Built target pcl_msgs_generate_messages_eus
[35m[1mScanning dependencies of target topic_tools_generate_messages_eus[0m
[  0%] Built target topic_tools_generate_messages_eus
[35m[1mScanning dependencies of target sensor_msgs_generate_messages_cpp[0m
[  0%] Built target sensor_msgs_generate_messages_cpp
[35m[1mScanning dependencies of target sensor_msgs_generate_messages_eus[0m
[  0%] Built target sensor_msgs_generate_messages_eus
[35m[1mScanning dependencies of target nodelet_generate_messages_py[0m
[  0%] Built target nodelet_generate_messages_py
[35m[1mScanning dependencies of target sensor_msgs_generate_messages_py[0m
[  0%] Built target sensor_msgs_generate_messages_py
[35m[1mScanning dependencies of target dynamic_reconfigure_generate_messages_cpp[0m
[35m[1mScanning dependencies of target tf_generate_messages_py[0m
[  0%] Built target dynamic_reconfigure_generate_messages_cpp
[  0%] Built target tf_generate_messages_py
[35m[1mScanning dependencies of target std_srvs_generate_messages_cpp[0m
[35m[1mScanning dependencies of target tf_generate_messages_eus[0m
[  0%] Built target std_srvs_generate_messages_cpp
[35m[1mScanning dependencies of target actionlib_msgs_generate_messages_cpp[0m
[  0%] Built target tf_generate_messages_eus
[  0%] Built target actionlib_msgs_generate_messages_cpp
[35m[1mScanning dependencies of target std_srvs_generate_messages_py[0m
[  0%] Built target std_srvs_generate_messages_py
[35m[1mScanning dependencies of target tf_generate_messages_lisp[0m
[  0%] Built target tf_generate_messages_lisp
[35m[1mScanning dependencies of target tf_generate_messages_nodejs[0m
[  0%] Built target tf_generate_messages_nodejs
[35m[1mScanning dependencies of target pcl_msgs_generate_messages_py[0m
[  0%] Built target pcl_msgs_generate_messages_py
[35m[1mScanning dependencies of target actionlib_generate_messages_eus[0m
[  0%] Built target actionlib_generate_messages_eus
[35m[1mScanning dependencies of target pcl_msgs_generate_messages_lisp[0m
[  0%] Built target pcl_msgs_generate_messages_lisp
[35m[1mScanning dependencies of target tf_generate_messages_cpp[0m
[  0%] Built target tf_generate_messages_cpp
[35m[1mScanning dependencies of target actionlib_generate_messages_nodejs[0m
[35m[1mScanning dependencies of target actionlib_msgs_generate_messages_lisp[0m
[  0%] Built target actionlib_generate_messages_nodejs
[  0%] Built target actionlib_msgs_generate_messages_lisp
[35m[1mScanning dependencies of target scan_to_cloud_converter_node[0m
[ 33%] [32mBuilding CXX object CMakeFiles/scan_to_cloud_converter_node.dir/src/scan_to_cloud_converter_node.cpp.o[0m
[ 66%] [32mBuilding CXX object CMakeFiles/scan_to_cloud_converter_node.dir/src/scan_to_cloud_converter.cpp.o[0m
In file included from [01m[K/opt/ros/melodic/include/ros/node_handle.h:32:0[m[K,
                 from [01m[K/opt/ros/melodic/include/ros/ros.h:45[m[K,
                 from [01m[K/home/xavier/catkin_ws/src/scan_tools/scan_to_cloud_converter/include/scan_to_cloud_converter/scan_to_cloud_converter.h:34[m[K,
                 from [01m[K/home/xavier/catkin_ws/src/scan_tools/scan_to_cloud_converter/src/scan_to_cloud_converter_node.cpp:1[m[K:
[01m[K/opt/ros/melodic/include/ros/publisher.h:53:52:[m[K [01;35m[Kwarning: [m[Kdefaulted and deleted functions only available with -std=c++11 or -std=gnu++11
     Publisher& operator=(const Publisher& other) = default;
[01;32m[K                                                    ^[m[K
In file included from [01m[K/opt/ros/melodic/include/ros/node_handle.h:33:0[m[K,
                 from [01m[K/opt/ros/melodic/include/ros/ros.h:45[m[K,
                 from [01m[K/home/xavier/catkin_ws/src/scan_tools/scan_to_cloud_converter/include/scan_to_cloud_converter/scan_to_cloud_converter.h:34[m[K,
                 from [01m[K/home/xavier/catkin_ws/src/scan_tools/scan_to_cloud_converter/src/scan_to_cloud_converter_node.cpp:1[m[K:
[01m[K/opt/ros/melodic/include/ros/subscriber.h:52:52:[m[K [01;35m[Kwarning: [m[Kdefaulted and deleted functions only available with -std=c++11 or -std=gnu++11
   Subscriber& operator=(const Subscriber& other) = default;
[01;32m[K                                                    ^[m[K
In file included from [01m[K/opt/ros/melodic/include/ros/node_handle.h:34:0[m[K,
                 from [01m[K/opt/ros/melodic/include/ros/ros.h:45[m[K,
                 from [01m[K/home/xavier/catkin_ws/src/scan_tools/scan_to_cloud_converter/include/scan_to_cloud_converter/scan_to_cloud_converter.h:34[m[K,
                 from [01m[K/home/xavier/catkin_ws/src/scan_tools/scan_to_cloud_converter/src/scan_to_cloud_converter_node.cpp:1[m[K:
[01m[K/opt/ros/melodic/include/ros/service_server.h:51:58:[m[K [01;35m[Kwarning: [m[Kdefaulted and deleted functions only available with -std=c++11 or -std=gnu++11
   ServiceServer& operator=(const ServiceServer& other) = default;
[01;32m[K                                                          ^[m[K
In file included from [01m[K/opt/ros/melodic/include/ros/node_handle.h:35:0[m[K,
                 from [01m[K/opt/ros/melodic/include/ros/ros.h:45[m[K,
                 from [01m[K/home/xavier/catkin_ws/src/scan_tools/scan_to_cloud_converter/include/scan_to_cloud_converter/scan_to_cloud_converter.h:34[m[K,
                 from [01m[K/home/xavier/catkin_ws/src/scan_tools/scan_to_cloud_converter/src/scan_to_cloud_converter_node.cpp:1[m[K:
[01m[K/opt/ros/melodic/include/ros/service_client.h:49:58:[m[K [01;35m[Kwarning: [m[Kdefaulted and deleted functions only available with -std=c++11 or -std=gnu++11
   ServiceClient& operator=(const ServiceClient& other) = default;
[01;32m[K                                                          ^[m[K
In file included from [01m[K/opt/ros/melodic/include/ros/node_handle.h:36:0[m[K,
                 from [01m[K/opt/ros/melodic/include/ros/ros.h:45[m[K,
                 from [01m[K/home/xavier/catkin_ws/src/scan_tools/scan_to_cloud_converter/include/scan_to_cloud_converter/scan_to_cloud_converter.h:34[m[K,
                 from [01m[K/home/xavier/catkin_ws/src/scan_tools/scan_to_cloud_converter/src/scan_to_cloud_converter_node.cpp:1[m[K:
[01m[K/opt/ros/melodic/include/ros/timer.h:52:42:[m[K [01;35m[Kwarning: [m[Kdefaulted and deleted functions only available with -std=c++11 or -std=gnu++11
   Timer& operator=(const Timer& other) = default;
[01;32m[K                                          ^[m[K
In file included from [01m[K/opt/ros/melodic/include/ros/node_handle.h:38:0[m[K,
                 from [01m[K/opt/ros/melodic/include/ros/ros.h:45[m[K,
                 from [01m[K/home/xavier/catkin_ws/src/scan_tools/scan_to_cloud_converter/include/scan_to_cloud_converter/scan_to_cloud_converter.h:34[m[K,
                 from [01m[K/home/xavier/catkin_ws/src/scan_tools/scan_to_cloud_converter/src/scan_to_cloud_converter_node.cpp:1[m[K:
[01m[K/opt/ros/melodic/include/ros/wall_timer.h:52:50:[m[K [01;35m[Kwarning: [m[Kdefaulted and deleted functions only available with -std=c++11 or -std=gnu++11
   WallTimer& operator=(const WallTimer& other) = default;
[01;32m[K                                                  ^[m[K
In file included from [01m[K/opt/ros/melodic/include/ros/node_handle.h:39:0[m[K,
                 from [01m[K/opt/ros/melodic/include/ros/ros.h:45[m[K,
                 from [01m[K/home/xavier/catkin_ws/src/scan_tools/scan_to_cloud_converter/include/scan_to_cloud_converter/scan_to_cloud_converter.h:34[m[K,
                 from [01m[K/home/xavier/catkin_ws/src/scan_tools/scan_to_cloud_converter/src/scan_to_cloud_converter_node.cpp:1[m[K:
[01m[K/opt/ros/melodic/include/ros/steady_timer.h:52:54:[m[K [01;35m[Kwarning: [m[Kdefaulted and deleted functions only available with -std=c++11 or -std=gnu++11
   SteadyTimer& operator=(const SteadyTimer& other) = default;
[01;32m[K                                                      ^[m[K
In file included from [01m[K/opt/ros/melodic/include/ros/node_handle.h:32:0[m[K,
                 from [01m[K/opt/ros/melodic/include/ros/ros.h:45[m[K,
                 from [01m[K/home/xavier/catkin_ws/src/scan_tools/scan_to_cloud_converter/include/scan_to_cloud_converter/scan_to_cloud_converter.h:34[m[K,
                 from [01m[K/home/xavier/catkin_ws/src/scan_tools/scan_to_cloud_converter/src/scan_to_cloud_converter.cpp:30[m[K:
[01m[K/opt/ros/melodic/include/ros/publisher.h:53:52:[m[K [01;35m[Kwarning: [m[Kdefaulted and deleted functions only available with -std=c++11 or -std=gnu++11
     Publisher& operator=(const Publisher& other) = default;
[01;32m[K                                                    ^[m[K
In file included from [01m[K/opt/ros/melodic/include/ros/node_handle.h:33:0[m[K,
                 from [01m[K/opt/ros/melodic/include/ros/ros.h:45[m[K,
                 from [01m[K/home/xavier/catkin_ws/src/scan_tools/scan_to_cloud_converter/include/scan_to_cloud_converter/scan_to_cloud_converter.h:34[m[K,
                 from [01m[K/home/xavier/catkin_ws/src/scan_tools/scan_to_cloud_converter/src/scan_to_cloud_converter.cpp:30[m[K:
[01m[K/opt/ros/melodic/include/ros/subscriber.h:52:52:[m[K [01;35m[Kwarning: [m[Kdefaulted and deleted functions only available with -std=c++11 or -std=gnu++11
   Subscriber& operator=(const Subscriber& other) = default;
[01;32m[K                                                    ^[m[K
In file included from [01m[K/opt/ros/melodic/include/ros/node_handle.h:34:0[m[K,
                 from [01m[K/opt/ros/melodic/include/ros/ros.h:45[m[K,
                 from [01m[K/home/xavier/catkin_ws/src/scan_tools/scan_to_cloud_converter/include/scan_to_cloud_converter/scan_to_cloud_converter.h:34[m[K,
                 from [01m[K/home/xavier/catkin_ws/src/scan_tools/scan_to_cloud_converter/src/scan_to_cloud_converter.cpp:30[m[K:
[01m[K/opt/ros/melodic/include/ros/service_server.h:51:58:[m[K [01;35m[Kwarning: [m[Kdefaulted and deleted functions only available with -std=c++11 or -std=gnu++11
   ServiceServer& operator=(const ServiceServer& other) = default;
[01;32m[K                                                          ^[m[K
In file included from [01m[K/opt/ros/melodic/include/ros/node_handle.h:35:0[m[K,
                 from [01m[K/opt/ros/melodic/include/ros/ros.h:45[m[K,
                 from [01m[K/home/xavier/catkin_ws/src/scan_tools/scan_to_cloud_converter/include/scan_to_cloud_converter/scan_to_cloud_converter.h:34[m[K,
                 from [01m[K/home/xavier/catkin_ws/src/scan_tools/scan_to_cloud_converter/src/scan_to_cloud_converter.cpp:30[m[K:
[01m[K/opt/ros/melodic/include/ros/service_client.h:49:58:[m[K [01;35m[Kwarning: [m[Kdefaulted and deleted functions only available with -std=c++11 or -std=gnu++11
   ServiceClient& operator=(const ServiceClient& other) = default;
[01;32m[K                                                          ^[m[K
In file included from [01m[K/opt/ros/melodic/include/ros/node_handle.h:36:0[m[K,
                 from [01m[K/opt/ros/melodic/include/ros/ros.h:45[m[K,
                 from [01m[K/home/xavier/catkin_ws/src/scan_tools/scan_to_cloud_converter/include/scan_to_cloud_converter/scan_to_cloud_converter.h:34[m[K,
                 from [01m[K/home/xavier/catkin_ws/src/scan_tools/scan_to_cloud_converter/src/scan_to_cloud_converter.cpp:30[m[K:
[01m[K/opt/ros/melodic/include/ros/timer.h:52:42:[m[K [01;35m[Kwarning: [m[Kdefaulted and deleted functions only available with -std=c++11 or -std=gnu++11
   Timer& operator=(const Timer& other) = default;
[01;32m[K                                          ^[m[K
In file included from [01m[K/opt/ros/melodic/include/ros/node_handle.h:38:0[m[K,
                 from [01m[K/opt/ros/melodic/include/ros/ros.h:45[m[K,
                 from [01m[K/home/xavier/catkin_ws/src/scan_tools/scan_to_cloud_converter/include/scan_to_cloud_converter/scan_to_cloud_converter.h:34[m[K,
                 from [01m[K/home/xavier/catkin_ws/src/scan_tools/scan_to_cloud_converter/src/scan_to_cloud_converter.cpp:30[m[K:
[01m[K/opt/ros/melodic/include/ros/wall_timer.h:52:50:[m[K [01;35m[Kwarning: [m[Kdefaulted and deleted functions only available with -std=c++11 or -std=gnu++11
   WallTimer& operator=(const WallTimer& other) = default;
[01;32m[K                                                  ^[m[K
In file included from [01m[K/opt/ros/melodic/include/ros/node_handle.h:39:0[m[K,
                 from [01m[K/opt/ros/melodic/include/ros/ros.h:45[m[K,
                 from [01m[K/home/xavier/catkin_ws/src/scan_tools/scan_to_cloud_converter/include/scan_to_cloud_converter/scan_to_cloud_converter.h:34[m[K,
                 from [01m[K/home/xavier/catkin_ws/src/scan_tools/scan_to_cloud_converter/src/scan_to_cloud_converter.cpp:30[m[K:
[01m[K/opt/ros/melodic/include/ros/steady_timer.h:52:54:[m[K [01;35m[Kwarning: [m[Kdefaulted and deleted functions only available with -std=c++11 or -std=gnu++11
   SteadyTimer& operator=(const SteadyTimer& other) = default;
[01;32m[K                                                      ^[m[K
In file included from [01m[K/opt/ros/melodic/include/pcl_ros/point_cloud.h:9:0[m[K,
                 from [01m[K/home/xavier/catkin_ws/src/scan_tools/scan_to_cloud_converter/include/scan_to_cloud_converter/scan_to_cloud_converter.h:38[m[K,
                 from [01m[K/home/xavier/catkin_ws/src/scan_tools/scan_to_cloud_converter/src/scan_to_cloud_converter_node.cpp:1[m[K:
[01m[K/opt/ros/melodic/include/pcl_conversions/pcl_conversions.h:80:27:[m[K [01;31m[Kerror: [m[Kâ€˜[01m[Kuint64_t[m[Kâ€™ in namespace â€˜[01m[Kstd[m[Kâ€™ does not name a type
   void fromPCL(const std::uint64_t &pcl_stamp, ros::Time &stamp)
[01;32m[K                           ^[m[K
[01m[K/opt/ros/melodic/include/pcl_conversions/pcl_conversions.h:86:43:[m[K [01;31m[Kerror: [m[Kâ€˜[01m[Kstd::uint64_t[m[Kâ€™ has not been declared
   void toPCL(const ros::Time &stamp, std::uint64_t &pcl_stamp)
[01;32m[K                                           ^[m[K
[01m[K/opt/ros/melodic/include/pcl_conversions/pcl_conversions.h:92:32:[m[K [01;31m[Kerror: [m[Kâ€˜[01m[Kuint64_t[m[Kâ€™ in namespace â€˜[01m[Kstd[m[Kâ€™ does not name a type
   ros::Time fromPCL(const std::uint64_t &pcl_stamp)
[01;32m[K                                ^[m[K
[01m[K/opt/ros/melodic/include/pcl_conversions/pcl_conversions.h:100:8:[m[K [01;31m[Kerror: [m[Kâ€˜[01m[Kuint64_t[m[Kâ€™ in namespace â€˜[01m[Kstd[m[Kâ€™ does not name a type
   std::uint64_t toPCL(const ros::Time &stamp)
[01;32m[K        ^[m[K
[01m[K/opt/ros/melodic/include/pcl_conversions/pcl_conversions.h:[m[K In function â€˜[01m[Kvoid pcl_conversions::toPCL(const Header&, pcl::PCLHeader&)[m[Kâ€™:
[01m[K/opt/ros/melodic/include/pcl_conversions/pcl_conversions.h:120:36:[m[K [01;31m[Kerror: [m[Kinvalid initialization of non-const reference of type â€˜[01m[Kint&[m[Kâ€™ from an rvalue of type â€˜[01m[Kint[m[Kâ€™
     toPCL(header.stamp, pcl_header.stamp);
[01;32m[K                                    ^[m[K
[01m[K/opt/ros/melodic/include/pcl_conversions/pcl_conversions.h:86:8:[m[K [01;36m[Knote: [m[K  initializing argument 2 of â€˜[01m[Kvoid pcl_conversions::toPCL(const ros::Time&, int&)[m[Kâ€™
   void toPCL(const ros::Time &stamp, std::uint64_t &pcl_stamp)
[01;32m[K        ^[m[K
[01m[K/opt/ros/melodic/include/pcl_conversions/pcl_conversions.h:[m[K In function â€˜[01m[Kvoid pcl::toROSMsg(const pcl::PointCloud<PointT>&, sensor_msgs::Image&)[m[Kâ€™:
[01m[K/opt/ros/melodic/include/pcl_conversions/pcl_conversions.h:523:36:[m[K [01;31m[Kerror: [m[Kâ€˜[01m[Kuint8_t[m[Kâ€™ is not a member of â€˜[01m[Kstd[m[Kâ€™
     msg.step = msg.width * sizeof (std::uint8_t) * 3;
[01;32m[K                                    ^[m[K
[01m[K/opt/ros/melodic/include/pcl_conversions/pcl_conversions.h:523:36:[m[K [01;36m[Knote: [m[Ksuggested alternatives:
In file included from [01m[K/usr/include/stdint.h:37:0[m[K,
                 from [01m[K/usr/lib/gcc/aarch64-linux-gnu/5/include/stdint.h:9[m[K,
                 from [01m[K/opt/ros/melodic/include/ros/duration.h:53[m[K,
                 from [01m[K/opt/ros/melodic/include/ros/time.h:57[m[K,
                 from [01m[K/opt/ros/melodic/include/ros/ros.h:38[m[K,
                 from [01m[K/home/xavier/catkin_ws/src/scan_tools/scan_to_cloud_converter/include/scan_to_cloud_converter/scan_to_cloud_converter.h:34[m[K,
                 from [01m[K/home/xavier/catkin_ws/src/scan_tools/scan_to_cloud_converter/src/scan_to_cloud_converter_node.cpp:1[m[K:
[01m[K/usr/include/aarch64-linux-gnu/bits/stdint-uintn.h:24:19:[m[K [01;36m[Knote: [m[K  â€˜[01m[Kuint8_t[m[Kâ€™
 typedef __uint8_t uint8_t;
[01;32m[K                   ^[m[K
[01m[K/usr/include/aarch64-linux-gnu/bits/stdint-uintn.h:24:19:[m[K [01;36m[Knote: [m[K  â€˜[01m[Kuint8_t[m[Kâ€™
[01m[K/usr/include/aarch64-linux-gnu/bits/stdint-uintn.h:24:19:[m[K [01;36m[Knote: [m[K  â€˜[01m[Kuint8_t[m[Kâ€™
In file included from [01m[K/opt/ros/melodic/include/pcl_ros/point_cloud.h:9:0[m[K,
                 from [01m[K/home/xavier/catkin_ws/src/scan_tools/scan_to_cloud_converter/include/scan_to_cloud_converter/scan_to_cloud_converter.h:38[m[K,
                 from [01m[K/home/xavier/catkin_ws/src/scan_tools/scan_to_cloud_converter/src/scan_to_cloud_converter_node.cpp:1[m[K:
[01m[K/opt/ros/melodic/include/pcl_conversions/pcl_conversions.h:529:9:[m[K [01;31m[Kerror: [m[Kâ€˜[01m[Kuint8_t[m[Kâ€™ is not a member of â€˜[01m[Kstd[m[Kâ€™
         std::uint8_t * pixel = &(msg.data[y * msg.step + x * 3]);
[01;32m[K         ^[m[K
[01m[K/opt/ros/melodic/include/pcl_conversions/pcl_conversions.h:529:9:[m[K [01;36m[Knote: [m[Ksuggested alternatives:
In file included from [01m[K/usr/include/stdint.h:37:0[m[K,
                 from [01m[K/usr/lib/gcc/aarch64-linux-gnu/5/include/stdint.h:9[m[K,
                 from [01m[K/opt/ros/melodic/include/ros/duration.h:53[m[K,
                 from [01m[K/opt/ros/melodic/include/ros/time.h:57[m[K,
                 from [01m[K/opt/ros/melodic/include/ros/ros.h:38[m[K,
                 from [01m[K/home/xavier/catkin_ws/src/scan_tools/scan_to_cloud_converter/include/scan_to_cloud_converter/scan_to_cloud_converter.h:34[m[K,
                 from [01m[K/home/xavier/catkin_ws/src/scan_tools/scan_to_cloud_converter/src/scan_to_cloud_converter_node.cpp:1[m[K:
[01m[K/usr/include/aarch64-linux-gnu/bits/stdint-uintn.h:24:19:[m[K [01;36m[Knote: [m[K  â€˜[01m[Kuint8_t[m[Kâ€™
 typedef __uint8_t uint8_t;
[01;32m[K                   ^[m[K
[01m[K/usr/include/aarch64-linux-gnu/bits/stdint-uintn.h:24:19:[m[K [01;36m[Knote: [m[K  â€˜[01m[Kuint8_t[m[Kâ€™
[01m[K/usr/include/aarch64-linux-gnu/bits/stdint-uintn.h:24:19:[m[K [01;36m[Knote: [m[K  â€˜[01m[Kuint8_t[m[Kâ€™
In file included from [01m[K/opt/ros/melodic/include/pcl_ros/point_cloud.h:9:0[m[K,
                 from [01m[K/home/xavier/catkin_ws/src/scan_tools/scan_to_cloud_converter/include/scan_to_cloud_converter/scan_to_cloud_converter.h:38[m[K,
                 from [01m[K/home/xavier/catkin_ws/src/scan_tools/scan_to_cloud_converter/src/scan_to_cloud_converter_node.cpp:1[m[K:
[01m[K/opt/ros/melodic/include/pcl_conversions/pcl_conversions.h:529:24:[m[K [01;31m[Kerror: [m[Kâ€˜[01m[Kpixel[m[Kâ€™ was not declared in this scope
         std::uint8_t * pixel = &(msg.data[y * msg.step + x * 3]);
[01;32m[K                        ^[m[K
[01m[K/opt/ros/melodic/include/pcl_conversions/pcl_conversions.h:530:54:[m[K [01;31m[Kerror: [m[Kâ€˜[01m[Kuint8_t[m[Kâ€™ is not a member of â€˜[01m[Kstd[m[Kâ€™
         memcpy (pixel, &cloud (x, y).rgb, 3 * sizeof(std::uint8_t));
[01;32m[K                                                      ^[m[K
[01m[K/opt/ros/melodic/include/pcl_conversions/pcl_conversions.h:530:54:[m[K [01;36m[Knote: [m[Ksuggested alternatives:
In file included from [01m[K/usr/include/stdint.h:37:0[m[K,
                 from [01m[K/usr/lib/gcc/aarch64-linux-gnu/5/include/stdint.h:9[m[K,
                 from [01m[K/opt/ros/melodic/include/ros/duration.h:53[m[K,
                 from [01m[K/opt/ros/melodic/include/ros/time.h:57[m[K,
                 from [01m[K/opt/ros/melodic/include/ros/ros.h:38[m[K,
                 from [01m[K/home/xavier/catkin_ws/src/scan_tools/scan_to_cloud_converter/include/scan_to_cloud_converter/scan_to_cloud_converter.h:34[m[K,
                 from [01m[K/home/xavier/catkin_ws/src/scan_tools/scan_to_cloud_converter/src/scan_to_cloud_converter_node.cpp:1[m[K:
[01m[K/usr/include/aarch64-linux-gnu/bits/stdint-uintn.h:24:19:[m[K [01;36m[Knote: [m[K  â€˜[01m[Kuint8_t[m[Kâ€™
 typedef __uint8_t uint8_t;
[01;32m[K                   ^[m[K
[01m[K/usr/include/aarch64-linux-gnu/bits/stdint-uintn.h:24:19:[m[K [01;36m[Knote: [m[K  â€˜[01m[Kuint8_t[m[Kâ€™
[01m[K/usr/include/aarch64-linux-gnu/bits/stdint-uintn.h:24:19:[m[K [01;36m[Knote: [m[K  â€˜[01m[Kuint8_t[m[Kâ€™
In file included from [01m[K/opt/ros/melodic/include/pcl_ros/point_cloud.h:9:0[m[K,
                 from [01m[K/home/xavier/catkin_ws/src/scan_tools/scan_to_cloud_converter/include/scan_to_cloud_converter/scan_to_cloud_converter.h:38[m[K,
                 from [01m[K/home/xavier/catkin_ws/src/scan_tools/scan_to_cloud_converter/src/scan_to_cloud_converter_node.cpp:1[m[K:
[01m[K/opt/ros/melodic/include/pcl_conversions/pcl_conversions.h:[m[K In static member function â€˜[01m[Kstatic uint32_t ros::serialization::Serializer<pcl::PCLPointCloud2>::serializedLength(const pcl::PCLPointCloud2&)[m[Kâ€™:
[01m[K/opt/ros/melodic/include/pcl_conversions/pcl_conversions.h:825:42:[m[K [01;31m[Kerror: [m[Kâ€˜[01m[Kuint8_t[m[Kâ€™ is not a member of â€˜[01m[Kstd[m[Kâ€™
         length += m.data.size() * sizeof(std::uint8_t);
[01;32m[K                                          ^[m[K
[01m[K/opt/ros/melodic/include/pcl_conversions/pcl_conversions.h:825:42:[m[K [01;36m[Knote: [m[Ksuggested alternatives:
In file included from [01m[K/usr/include/stdint.h:37:0[m[K,
                 from [01m[K/usr/lib/gcc/aarch64-linux-gnu/5/include/stdint.h:9[m[K,
                 from [01m[K/opt/ros/melodic/include/ros/duration.h:53[m[K,
                 from [01m[K/opt/ros/melodic/include/ros/time.h:57[m[K,
                 from [01m[K/opt/ros/melodic/include/ros/ros.h:38[m[K,
                 from [01m[K/home/xavier/catkin_ws/src/scan_tools/scan_to_cloud_converter/include/scan_to_cloud_converter/scan_to_cloud_converter.h:34[m[K,
                 from [01m[K/home/xavier/catkin_ws/src/scan_tools/scan_to_cloud_converter/src/scan_to_cloud_converter_node.cpp:1[m[K:
[01m[K/usr/include/aarch64-linux-gnu/bits/stdint-uintn.h:24:19:[m[K [01;36m[Knote: [m[K  â€˜[01m[Kuint8_t[m[Kâ€™
 typedef __uint8_t uint8_t;
[01;32m[K                   ^[m[K
[01m[K/usr/include/aarch64-linux-gnu/bits/stdint-uintn.h:24:19:[m[K [01;36m[Knote: [m[K  â€˜[01m[Kuint8_t[m[Kâ€™
[01m[K/usr/include/aarch64-linux-gnu/bits/stdint-uintn.h:24:19:[m[K [01;36m[Knote: [m[K  â€˜[01m[Kuint8_t[m[Kâ€™
In file included from [01m[K/home/xavier/catkin_ws/src/scan_tools/scan_to_cloud_converter/include/scan_to_cloud_converter/scan_to_cloud_converter.h:38:0[m[K,
                 from [01m[K/home/xavier/catkin_ws/src/scan_tools/scan_to_cloud_converter/src/scan_to_cloud_converter_node.cpp:1[m[K:
[01m[K/opt/ros/melodic/include/pcl_ros/point_cloud.h:[m[K In member function â€˜[01m[Kvoid pcl::detail::FieldStreamer<Stream, PointT>::operator()()[m[Kâ€™:
[01m[K/opt/ros/melodic/include/pcl_ros/point_cloud.h:27:9:[m[K [01;31m[Kerror: [m[Kâ€˜[01m[Kuint32_t[m[Kâ€™ is not a member of â€˜[01m[Kstd[m[Kâ€™
         std::uint32_t name_length = strlen(name);
[01;32m[K         ^[m[K
[01m[K/opt/ros/melodic/include/pcl_ros/point_cloud.h:27:9:[m[K [01;36m[Knote: [m[Ksuggested alternatives:
In file included from [01m[K/usr/include/stdint.h:37:0[m[K,
                 from [01m[K/usr/lib/gcc/aarch64-linux-gnu/5/include/stdint.h:9[m[K,
                 from [01m[K/opt/ros/melodic/include/ros/duration.h:53[m[K,
                 from [01m[K/opt/ros/melodic/include/ros/time.h:57[m[K,
                 from [01m[K/opt/ros/melodic/include/ros/ros.h:38[m[K,
                 from [01m[K/home/xavier/catkin_ws/src/scan_tools/scan_to_cloud_converter/include/scan_to_cloud_converter/scan_to_cloud_converter.h:34[m[K,
                 from [01m[K/home/xavier/catkin_ws/src/scan_tools/scan_to_cloud_converter/src/scan_to_cloud_converter_node.cpp:1[m[K:
[01m[K/usr/include/aarch64-linux-gnu/bits/stdint-uintn.h:26:20:[m[K [01;36m[Knote: [m[K  â€˜[01m[Kuint32_t[m[Kâ€™
 typedef __uint32_t uint32_t;
[01;32m[K                    ^[m[K
[01m[K/usr/include/aarch64-linux-gnu/bits/stdint-uintn.h:26:20:[m[K [01;36m[Knote: [m[K  â€˜[01m[Kuint32_t[m[Kâ€™
[01m[K/usr/include/aarch64-linux-gnu/bits/stdint-uintn.h:26:20:[m[K [01;36m[Knote: [m[K  â€˜[01m[Kuint32_t[m[Kâ€™
In file included from [01m[K/home/xavier/catkin_ws/src/scan_tools/scan_to_cloud_converter/include/scan_to_cloud_converter/scan_to_cloud_converter.h:38:0[m[K,
                 from [01m[K/home/xavier/catkin_ws/src/scan_tools/scan_to_cloud_converter/src/scan_to_cloud_converter_node.cpp:1[m[K:
[01m[K/opt/ros/melodic/include/pcl_ros/point_cloud.h:28:22:[m[K [01;31m[Kerror: [m[Kâ€˜[01m[Kname_length[m[Kâ€™ was not declared in this scope
         stream_.next(name_length);
[01;32m[K                      ^[m[K
[01m[K/opt/ros/melodic/include/pcl_ros/point_cloud.h:32:9:[m[K [01;31m[Kerror: [m[Kâ€˜[01m[Kuint32_t[m[Kâ€™ is not a member of â€˜[01m[Kstd[m[Kâ€™
         std::uint32_t offset = traits::offset<PointT, U>::value;
[01;32m[K         ^[m[K
[01m[K/opt/ros/melodic/include/pcl_ros/point_cloud.h:32:9:[m[K [01;36m[Knote: [m[Ksuggested alternatives:
In file included from [01m[K/usr/include/stdint.h:37:0[m[K,
                 from [01m[K/usr/lib/gcc/aarch64-linux-gnu/5/include/stdint.h:9[m[K,
                 from [01m[K/opt/ros/melodic/include/ros/duration.h:53[m[K,
                 from [01m[K/opt/ros/melodic/include/ros/time.h:57[m[K,
                 from [01m[K/opt/ros/melodic/include/ros/ros.h:38[m[K,
                 from [01m[K/home/xavier/catkin_ws/src/scan_tools/scan_to_cloud_converter/include/scan_to_cloud_converter/scan_to_cloud_converter.h:34[m[K,
                 from [01m[K/home/xavier/catkin_ws/src/scan_tools/scan_to_cloud_converter/src/scan_to_cloud_converter_node.cpp:1[m[K:
[01m[K/usr/include/aarch64-linux-gnu/bits/stdint-uintn.h:26:20:[m[K [01;36m[Knote: [m[K  â€˜[01m[Kuint32_t[m[Kâ€™
 typedef __uint32_t uint32_t;
[01;32m[K                    ^[m[K
[01m[K/usr/include/aarch64-linux-gnu/bits/stdint-uintn.h:26:20:[m[K [01;36m[Knote: [m[K  â€˜[01m[Kuint32_t[m[Kâ€™
[01m[K/usr/include/aarch64-linux-gnu/bits/stdint-uintn.h:26:20:[m[K [01;36m[Knote: [m[K  â€˜[01m[Kuint32_t[m[Kâ€™
In file included from [01m[K/home/xavier/catkin_ws/src/scan_tools/scan_to_cloud_converter/include/scan_to_cloud_converter/scan_to_cloud_converter.h:38:0[m[K,
                 from [01m[K/home/xavier/catkin_ws/src/scan_tools/scan_to_cloud_converter/src/scan_to_cloud_converter_node.cpp:1[m[K:
[01m[K/opt/ros/melodic/include/pcl_ros/point_cloud.h:33:22:[m[K [01;31m[Kerror: [m[Kâ€˜[01m[Koffset[m[Kâ€™ was not declared in this scope
         stream_.next(offset);
[01;32m[K                      ^[m[K
[01m[K/opt/ros/melodic/include/pcl_ros/point_cloud.h:33:22:[m[K [01;36m[Knote: [m[Ksuggested alternative:
In file included from [01m[K/usr/include/pcl-1.8/pcl/register_point_struct.h:57:0[m[K,
                 from [01m[K/usr/include/pcl-1.8/pcl/point_types.h:44[m[K,
                 from [01m[K/home/xavier/catkin_ws/src/scan_tools/scan_to_cloud_converter/include/scan_to_cloud_converter/scan_to_cloud_converter.h:36[m[K,
                 from [01m[K/home/xavier/catkin_ws/src/scan_tools/scan_to_cloud_converter/src/scan_to_cloud_converter_node.cpp:1[m[K:
[01m[K/usr/include/pcl-1.8/pcl/point_traits.h:150:12:[m[K [01;36m[Knote: [m[K  â€˜[01m[Kpcl::traits::offset[m[Kâ€™
     struct offset : offset<typename POD<PointT>::type, Tag>
[01;32m[K            ^[m[K
In file included from [01m[K/home/xavier/catkin_ws/src/scan_tools/scan_to_cloud_converter/include/scan_to_cloud_converter/scan_to_cloud_converter.h:38:0[m[K,
                 from [01m[K/home/xavier/catkin_ws/src/scan_tools/scan_to_cloud_converter/src/scan_to_cloud_converter_node.cpp:1[m[K:
[01m[K/opt/ros/melodic/include/pcl_ros/point_cloud.h:35:9:[m[K [01;31m[Kerror: [m[Kâ€˜[01m[Kuint8_t[m[Kâ€™ is not a member of â€˜[01m[Kstd[m[Kâ€™
         std::uint8_t datatype = traits::datatype<PointT, U>::value;
[01;32m[K         ^[m[K
[01m[K/opt/ros/melodic/include/pcl_ros/point_cloud.h:35:9:[m[K [01;36m[Knote: [m[Ksuggested alternatives:
In file included from [01m[K/usr/include/stdint.h:37:0[m[K,
                 from [01m[K/usr/lib/gcc/aarch64-linux-gnu/5/include/stdint.h:9[m[K,
                 from [01m[K/opt/ros/melodic/include/ros/duration.h:53[m[K,
                 from [01m[K/opt/ros/melodic/include/ros/time.h:57[m[K,
                 from [01m[K/opt/ros/melodic/include/ros/ros.h:38[m[K,
                 from [01m[K/home/xavier/catkin_ws/src/scan_tools/scan_to_cloud_converter/include/scan_to_cloud_converter/scan_to_cloud_converter.h:34[m[K,
                 from [01m[K/home/xavier/catkin_ws/src/scan_tools/scan_to_cloud_converter/src/scan_to_cloud_converter_node.cpp:1[m[K:
[01m[K/usr/include/aarch64-linux-gnu/bits/stdint-uintn.h:24:19:[m[K [01;36m[Knote: [m[K  â€˜[01m[Kuint8_t[m[Kâ€™
 typedef __uint8_t uint8_t;
[01;32m[K                   ^[m[K
[01m[K/usr/include/aarch64-linux-gnu/bits/stdint-uintn.h:24:19:[m[K [01;36m[Knote: [m[K  â€˜[01m[Kuint8_t[m[Kâ€™
[01m[K/usr/include/aarch64-linux-gnu/bits/stdint-uintn.h:24:19:[m[K [01;36m[Knote: [m[K  â€˜[01m[Kuint8_t[m[Kâ€™
In file included from [01m[K/home/xavier/catkin_ws/src/scan_tools/scan_to_cloud_converter/include/scan_to_cloud_converter/scan_to_cloud_converter.h:38:0[m[K,
                 from [01m[K/home/xavier/catkin_ws/src/scan_tools/scan_to_cloud_converter/src/scan_to_cloud_converter_node.cpp:1[m[K:
[01m[K/opt/ros/melodic/include/pcl_ros/point_cloud.h:36:22:[m[K [01;31m[Kerror: [m[Kâ€˜[01m[Kdatatype[m[Kâ€™ was not declared in this scope
         stream_.next(datatype);
[01;32m[K                      ^[m[K
[01m[K/opt/ros/melodic/include/pcl_ros/point_cloud.h:36:22:[m[K [01;36m[Knote: [m[Ksuggested alternatives:
In file included from [01m[K/opt/ros/melodic/include/ros/serialization.h:37:0[m[K,
                 from [01m[K/opt/ros/melodic/include/ros/publisher.h:34[m[K,
                 from [01m[K/opt/ros/melodic/include/ros/node_handle.h:32[m[K,
                 from [01m[K/opt/ros/melodic/include/ros/ros.h:45[m[K,
                 from [01m[K/home/xavier/catkin_ws/src/scan_tools/scan_to_cloud_converter/include/scan_to_cloud_converter/scan_to_cloud_converter.h:34[m[K,
                 from [01m[K/home/xavier/catkin_ws/src/scan_tools/scan_to_cloud_converter/src/scan_to_cloud_converter_node.cpp:1[m[K:
[01m[K/opt/ros/melodic/include/ros/message_traits.h:261:20:[m[K [01;36m[Knote: [m[K  â€˜[01m[Kros::message_traits::datatype[m[Kâ€™
 inline const char* datatype(const M& m)
[01;32m[K                    ^[m[K
In file included from [01m[K/opt/ros/melodic/include/ros/service_client.h:33:0[m[K,
                 from [01m[K/opt/ros/melodic/include/ros/node_handle.h:35[m[K,
                 from [01m[K/opt/ros/melodic/include/ros/ros.h:45[m[K,
                 from [01m[K/home/xavier/catkin_ws/src/scan_tools/scan_to_cloud_converter/include/scan_to_cloud_converter/scan_to_cloud_converter.h:34[m[K,
                 from [01m[K/home/xavier/catkin_ws/src/scan_tools/scan_to_cloud_converter/src/scan_to_cloud_converter_node.cpp:1[m[K:
[01m[K/opt/ros/melodic/include/ros/service_traits.h:104:20:[m[K [01;36m[Knote: [m[K  â€˜[01m[Kros::service_traits::datatype[m[Kâ€™
 inline const char* datatype(const M& m)
[01;32m[K                    ^[m[K
In file included from [01m[K/usr/include/pcl-1.8/pcl/register_point_struct.h:57:0[m[K,
                 from [01m[K/usr/include/pcl-1.8/pcl/point_types.h:44[m[K,
                 from [01m[K/home/xavier/catkin_ws/src/scan_tools/scan_to_cloud_converter/include/scan_to_cloud_converter/scan_to_cloud_converter.h:36[m[K,
                 from [01m[K/home/xavier/catkin_ws/src/scan_tools/scan_to_cloud_converter/src/scan_to_cloud_converter_node.cpp:1[m[K:
[01m[K/usr/include/pcl-1.8/pcl/point_traits.h:162:12:[m[K [01;36m[Knote: [m[K  â€˜[01m[Kpcl::traits::datatype[m[Kâ€™
     struct datatype : datatype<typename POD<PointT>::type, Tag>
[01;32m[K            ^[m[K
In file included from [01m[K/home/xavier/catkin_ws/src/scan_tools/scan_to_cloud_converter/include/scan_to_cloud_converter/scan_to_cloud_converter.h:38:0[m[K,
                 from [01m[K/home/xavier/catkin_ws/src/scan_tools/scan_to_cloud_converter/src/scan_to_cloud_converter_node.cpp:1[m[K:
[01m[K/opt/ros/melodic/include/pcl_ros/point_cloud.h:38:9:[m[K [01;31m[Kerror: [m[Kâ€˜[01m[Kuint32_t[m[Kâ€™ is not a member of â€˜[01m[Kstd[m[Kâ€™
         std::uint32_t count = traits::datatype<PointT, U>::size;
[01;32m[K         ^[m[K
[01m[K/opt/ros/melodic/include/pcl_ros/point_cloud.h:38:9:[m[K [01;36m[Knote: [m[Ksuggested alternatives:
In file included from [01m[K/usr/include/stdint.h:37:0[m[K,
                 from [01m[K/usr/lib/gcc/aarch64-linux-gnu/5/include/stdint.h:9[m[K,
                 from [01m[K/opt/ros/melodic/include/ros/duration.h:53[m[K,
                 from [01m[K/opt/ros/melodic/include/ros/time.h:57[m[K,
                 from [01m[K/opt/ros/melodic/include/ros/ros.h:38[m[K,
                 from [01m[K/home/xavier/catkin_ws/src/scan_tools/scan_to_cloud_converter/include/scan_to_cloud_converter/scan_to_cloud_converter.h:34[m[K,
                 from [01m[K/home/xavier/catkin_ws/src/scan_tools/scan_to_cloud_converter/src/scan_to_cloud_converter_node.cpp:1[m[K:
[01m[K/usr/include/aarch64-linux-gnu/bits/stdint-uintn.h:26:20:[m[K [01;36m[Knote: [m[K  â€˜[01m[Kuint32_t[m[Kâ€™
 typedef __uint32_t uint32_t;
[01;32m[K                    ^[m[K
[01m[K/usr/include/aarch64-linux-gnu/bits/stdint-uintn.h:26:20:[m[K [01;36m[Knote: [m[K  â€˜[01m[Kuint32_t[m[Kâ€™
[01m[K/usr/include/aarch64-linux-gnu/bits/stdint-uintn.h:26:20:[m[K [01;36m[Knote: [m[K  â€˜[01m[Kuint32_t[m[Kâ€™
In file included from [01m[K/home/xavier/catkin_ws/src/scan_tools/scan_to_cloud_converter/include/scan_to_cloud_converter/scan_to_cloud_converter.h:38:0[m[K,
                 from [01m[K/home/xavier/catkin_ws/src/scan_tools/scan_to_cloud_converter/src/scan_to_cloud_converter_node.cpp:1[m[K:
[01m[K/opt/ros/melodic/include/pcl_ros/point_cloud.h:39:22:[m[K [01;31m[Kerror: [m[Kâ€˜[01m[Kcount[m[Kâ€™ was not declared in this scope
         stream_.next(count);
[01;32m[K                      ^[m[K
[01m[K/opt/ros/melodic/include/pcl_ros/point_cloud.h:39:22:[m[K [01;36m[Knote: [m[Ksuggested alternative:
In file included from [01m[K/usr/include/c++/5/algorithm:62:0[m[K,
                 from [01m[K/usr/include/boost/math/tools/config.hpp:18[m[K,
                 from [01m[K/usr/include/boost/math/special_functions/round.hpp:13[m[K,
                 from [01m[K/opt/ros/melodic/include/ros/time.h:58[m[K,
                 from [01m[K/opt/ros/melodic/include/ros/ros.h:38[m[K,
                 from [01m[K/home/xavier/catkin_ws/src/scan_tools/scan_to_cloud_converter/include/scan_to_cloud_converter/scan_to_cloud_converter.h:34[m[K,
                 from [01m[K/home/xavier/catkin_ws/src/scan_tools/scan_to_cloud_converter/src/scan_to_cloud_converter_node.cpp:1[m[K:
[01m[K/usr/include/c++/5/bits/stl_algo.h:3959:5:[m[K [01;36m[Knote: [m[K  â€˜[01m[Kstd::count[m[Kâ€™
     count(_InputIterator __first, _InputIterator __last, const _Tp& __value)
[01;32m[K     ^[m[K
In file included from [01m[K/home/xavier/catkin_ws/src/scan_tools/scan_to_cloud_converter/include/scan_to_cloud_converter/scan_to_cloud_converter.h:38:0[m[K,
                 from [01m[K/home/xavier/catkin_ws/src/scan_tools/scan_to_cloud_converter/src/scan_to_cloud_converter_node.cpp:1[m[K:
[01m[K/opt/ros/melodic/include/pcl_ros/point_cloud.h:[m[K At global scope:
[01m[K/opt/ros/melodic/include/pcl_ros/point_cloud.h:56:12:[m[K [01;31m[Kerror: [m[Kâ€˜[01m[Kuint32_t[m[Kâ€™ in namespace â€˜[01m[Kstd[m[Kâ€™ does not name a type
       std::uint32_t length;
[01;32m[K            ^[m[K
[01m[K/opt/ros/melodic/include/pcl_ros/point_cloud.h:[m[K In constructor â€˜[01m[Kpcl::detail::FieldsLength<PointT>::FieldsLength()[m[Kâ€™:
[01m[K/opt/ros/melodic/include/pcl_ros/point_cloud.h:48:24:[m[K [01;31m[Kerror: [m[Kclass â€˜[01m[Kpcl::detail::FieldsLength<PointT>[m[Kâ€™ does not have any field named â€˜[01m[Klength[m[Kâ€™
       FieldsLength() : length(0) {}
[01;32m[K                        ^[m[K
[01m[K/opt/ros/melodic/include/pcl_ros/point_cloud.h:[m[K In member function â€˜[01m[Kvoid pcl::detail::FieldsLength<PointT>::operator()()[m[Kâ€™:
[01m[K/opt/ros/melodic/include/pcl_ros/point_cloud.h:52:9:[m[K [01;31m[Kerror: [m[Kâ€˜[01m[Kuint32_t[m[Kâ€™ is not a member of â€˜[01m[Kstd[m[Kâ€™
         std::uint32_t name_length = strlen(traits::name<PointT, U>::value);
[01;32m[K         ^[m[K
[01m[K/opt/ros/melodic/include/pcl_ros/point_cloud.h:52:9:[m[K [01;36m[Knote: [m[Ksuggested alternatives:
In file included from [01m[K/usr/include/stdint.h:37:0[m[K,
                 from [01m[K/usr/lib/gcc/aarch64-linux-gnu/5/include/stdint.h:9[m[K,
                 from [01m[K/opt/ros/melodic/include/ros/duration.h:53[m[K,
                 from [01m[K/opt/ros/melodic/include/ros/time.h:57[m[K,
                 from [01m[K/opt/ros/melodic/include/ros/ros.h:38[m[K,
                 from [01m[K/home/xavier/catkin_ws/src/scan_tools/scan_to_cloud_converter/include/scan_to_cloud_converter/scan_to_cloud_converter.h:34[m[K,
                 from [01m[K/home/xavier/catkin_ws/src/scan_tools/scan_to_cloud_converter/src/scan_to_cloud_converter_node.cpp:1[m[K:
[01m[K/usr/include/aarch64-linux-gnu/bits/stdint-uintn.h:26:20:[m[K [01;36m[Knote: [m[K  â€˜[01m[Kuint32_t[m[Kâ€™
 typedef __uint32_t uint32_t;
[01;32m[K                    ^[m[K
[01m[K/usr/include/aarch64-linux-gnu/bits/stdint-uintn.h:26:20:[m[K [01;36m[Knote: [m[K  â€˜[01m[Kuint32_t[m[Kâ€™
[01m[K/usr/include/aarch64-linux-gnu/bits/stdint-uintn.h:26:20:[m[K [01;36m[Knote: [m[K  â€˜[01m[Kuint32_t[m[Kâ€™
In file included from [01m[K/home/xavier/catkin_ws/src/scan_tools/scan_to_cloud_converter/include/scan_to_cloud_converter/scan_to_cloud_converter.h:38:0[m[K,
                 from [01m[K/home/xavier/catkin_ws/src/scan_tools/scan_to_cloud_converter/src/scan_to_cloud_converter_node.cpp:1[m[K:
[01m[K/opt/ros/melodic/include/pcl_ros/point_cloud.h:53:9:[m[K [01;31m[Kerror: [m[Kâ€˜[01m[Klength[m[Kâ€™ was not declared in this scope
         length += name_length + 13;
[01;32m[K         ^[m[K
[01m[K/opt/ros/melodic/include/pcl_ros/point_cloud.h:53:9:[m[K [01;36m[Knote: [m[Ksuggested alternatives:
In file included from [01m[K/usr/include/boost/algorithm/string/trim.hpp:19:0[m[K,
                 from [01m[K/usr/include/boost/algorithm/string.hpp:19[m[K,
                 from [01m[K/usr/include/pcl-1.8/pcl/io/boost.h:66[m[K,
                 from [01m[K/usr/include/pcl-1.8/pcl/io/file_io.h:43[m[K,
                 from [01m[K/usr/include/pcl-1.8/pcl/io/pcd_io.h:44[m[K,
                 from [01m[K/opt/ros/melodic/include/pcl_conversions/pcl_conversions.h:70[m[K,
                 from [01m[K/opt/ros/melodic/include/pcl_ros/point_cloud.h:9[m[K,
                 from [01m[K/home/xavier/catkin_ws/src/scan_tools/scan_to_cloud_converter/include/scan_to_cloud_converter/scan_to_cloud_converter.h:38[m[K,
                 from [01m[K/home/xavier/catkin_ws/src/scan_tools/scan_to_cloud_converter/src/scan_to_cloud_converter_node.cpp:1[m[K:
[01m[K/usr/include/boost/range/as_literal.hpp:42:28:[m[K [01;36m[Knote: [m[K  â€˜[01m[Kboost::range_detail::length[m[Kâ€™
         inline std::size_t length( const wchar_t* s )
[01;32m[K                            ^[m[K
In file included from [01m[K/usr/include/boost/tuple/tuple.hpp:28:0[m[K,
                 from [01m[K/usr/include/boost/thread/csbl/tuple.hpp:15[m[K,
                 from [01m[K/usr/include/boost/thread/detail/invoker.hpp:32[m[K,
                 from [01m[K/usr/include/boost/thread/future.hpp:22[m[K,
                 from [01m[K/usr/include/boost/thread.hpp:24[m[K,
                 from [01m[K/usr/include/pcl-1.8/pcl/io/boost.h:51[m[K,
                 from [01m[K/usr/include/pcl-1.8/pcl/io/file_io.h:43[m[K,
                 from [01m[K/usr/include/pcl-1.8/pcl/io/pcd_io.h:44[m[K,
                 from [01m[K/opt/ros/melodic/include/pcl_conversions/pcl_conversions.h:70[m[K,
                 from [01m[K/opt/ros/melodic/include/pcl_ros/point_cloud.h:9[m[K,
                 from [01m[K/home/xavier/catkin_ws/src/scan_tools/scan_to_cloud_converter/include/scan_to_cloud_converter/scan_to_cloud_converter.h:38[m[K,
                 from [01m[K/home/xavier/catkin_ws/src/scan_tools/scan_to_cloud_converter/src/scan_to_cloud_converter_node.cpp:1[m[K:
[01m[K/usr/include/boost/tuple/detail/tuple_basic.hpp:84:26:[m[K [01;36m[Knote: [m[K  â€˜[01m[Kboost::tuples::length[m[Kâ€™
 template<class T> struct length;
[01;32m[K                          ^[m[K
In file included from [01m[K/home/xavier/catkin_ws/src/scan_tools/scan_to_cloud_converter/include/scan_to_cloud_converter/scan_to_cloud_converter.h:38:0[m[K,
                 from [01m[K/home/xavier/catkin_ws/src/scan_tools/scan_to_cloud_converter/src/scan_to_cloud_converter_node.cpp:1[m[K:
[01m[K/opt/ros/melodic/include/pcl_ros/point_cloud.h:53:19:[m[K [01;31m[Kerror: [m[Kâ€˜[01m[Kname_length[m[Kâ€™ was not declared in this scope
         length += name_length + 13;
[01;32m[K                   ^[m[K
In file included from [01m[K/opt/ros/melodic/include/pcl_ros/point_cloud.h:9:0[m[K,
                 from [01m[K/home/xavier/catkin_ws/src/scan_tools/scan_to_cloud_converter/include/scan_to_cloud_converter/scan_to_cloud_converter.h:38[m[K,
                 from [01m[K/home/xavier/catkin_ws/src/scan_tools/scan_to_cloud_converter/src/scan_to_cloud_converter.cpp:30[m[K:
[01m[K/opt/ros/melodic/include/pcl_conversions/pcl_conversions.h:80:27:[m[K [01;31m[Kerror: [m[Kâ€˜[01m[Kuint64_t[m[Kâ€™ in namespace â€˜[01m[Kstd[m[Kâ€™ does not name a type
   void fromPCL(const std::uint64_t &pcl_stamp, ros::Time &stamp)
[01;32m[K                           ^[m[K
[01m[K/opt/ros/melodic/include/pcl_conversions/pcl_conversions.h:86:43:[m[K [01;31m[Kerror: [m[Kâ€˜[01m[Kstd::uint64_t[m[Kâ€™ has not been declared
   void toPCL(const ros::Time &stamp, std::uint64_t &pcl_stamp)
[01;32m[K                                           ^[m[K
[01m[K/opt/ros/melodic/include/pcl_conversions/pcl_conversions.h:92:32:[m[K [01;31m[Kerror: [m[Kâ€˜[01m[Kuint64_t[m[Kâ€™ in namespace â€˜[01m[Kstd[m[Kâ€™ does not name a type
   ros::Time fromPCL(const std::uint64_t &pcl_stamp)
[01;32m[K                                ^[m[K
[01m[K/opt/ros/melodic/include/pcl_conversions/pcl_conversions.h:100:8:[m[K [01;31m[Kerror: [m[Kâ€˜[01m[Kuint64_t[m[Kâ€™ in namespace â€˜[01m[Kstd[m[Kâ€™ does not name a type
   std::uint64_t toPCL(const ros::Time &stamp)
[01;32m[K        ^[m[K
[01m[K/opt/ros/melodic/include/pcl_conversions/pcl_conversions.h:[m[K In function â€˜[01m[Kvoid pcl_conversions::toPCL(const Header&, pcl::PCLHeader&)[m[Kâ€™:
[01m[K/opt/ros/melodic/include/pcl_conversions/pcl_conversions.h:120:36:[m[K [01;31m[Kerror: [m[Kinvalid initialization of non-const reference of type â€˜[01m[Kint&[m[Kâ€™ from an rvalue of type â€˜[01m[Kint[m[Kâ€™
     toPCL(header.stamp, pcl_header.stamp);
[01;32m[K                                    ^[m[K
[01m[K/opt/ros/melodic/include/pcl_conversions/pcl_conversions.h:86:8:[m[K [01;36m[Knote: [m[K  initializing argument 2 of â€˜[01m[Kvoid pcl_conversions::toPCL(const ros::Time&, int&)[m[Kâ€™
   void toPCL(const ros::Time &stamp, std::uint64_t &pcl_stamp)
[01;32m[K        ^[m[K
[01m[K/opt/ros/melodic/include/pcl_conversions/pcl_conversions.h:[m[K In function â€˜[01m[Kvoid pcl::toROSMsg(const pcl::PointCloud<PointT>&, sensor_msgs::Image&)[m[Kâ€™:
[01m[K/opt/ros/melodic/include/pcl_conversions/pcl_conversions.h:523:36:[m[K [01;31m[Kerror: [m[Kâ€˜[01m[Kuint8_t[m[Kâ€™ is not a member of â€˜[01m[Kstd[m[Kâ€™
     msg.step = msg.width * sizeof (std::uint8_t) * 3;
[01;32m[K                                    ^[m[K
[01m[K/opt/ros/melodic/include/pcl_conversions/pcl_conversions.h:523:36:[m[K [01;36m[Knote: [m[Ksuggested alternatives:
In file included from [01m[K/usr/include/stdint.h:37:0[m[K,
                 from [01m[K/usr/lib/gcc/aarch64-linux-gnu/5/include/stdint.h:9[m[K,
                 from [01m[K/opt/ros/melodic/include/ros/duration.h:53[m[K,
                 from [01m[K/opt/ros/melodic/include/ros/time.h:57[m[K,
                 from [01m[K/opt/ros/melodic/include/ros/ros.h:38[m[K,
                 from [01m[K/home/xavier/catkin_ws/src/scan_tools/scan_to_cloud_converter/include/scan_to_cloud_converter/scan_to_cloud_converter.h:34[m[K,
                 from [01m[K/home/xavier/catkin_ws/src/scan_tools/scan_to_cloud_converter/src/scan_to_cloud_converter.cpp:30[m[K:
[01m[K/usr/include/aarch64-linux-gnu/bits/stdint-uintn.h:24:19:[m[K [01;36m[Knote: [m[K  â€˜[01m[Kuint8_t[m[Kâ€™
 typedef __uint8_t uint8_t;
[01;32m[K                   ^[m[K
[01m[K/usr/include/aarch64-linux-gnu/bits/stdint-uintn.h:24:19:[m[K [01;36m[Knote: [m[K  â€˜[01m[Kuint8_t[m[Kâ€™
[01m[K/usr/include/aarch64-linux-gnu/bits/stdint-uintn.h:24:19:[m[K [01;36m[Knote: [m[K  â€˜[01m[Kuint8_t[m[Kâ€™
In file included from [01m[K/opt/ros/melodic/include/pcl_ros/point_cloud.h:9:0[m[K,
                 from [01m[K/home/xavier/catkin_ws/src/scan_tools/scan_to_cloud_converter/include/scan_to_cloud_converter/scan_to_cloud_converter.h:38[m[K,
                 from [01m[K/home/xavier/catkin_ws/src/scan_tools/scan_to_cloud_converter/src/scan_to_cloud_converter.cpp:30[m[K:
[01m[K/opt/ros/melodic/include/pcl_conversions/pcl_conversions.h:529:9:[m[K [01;31m[Kerror: [m[Kâ€˜[01m[Kuint8_t[m[Kâ€™ is not a member of â€˜[01m[Kstd[m[Kâ€™
         std::uint8_t * pixel = &(msg.data[y * msg.step + x * 3]);
[01;32m[K         ^[m[K
[01m[K/opt/ros/melodic/include/pcl_conversions/pcl_conversions.h:529:9:[m[K [01;36m[Knote: [m[Ksuggested alternatives:
In file included from [01m[K/usr/include/stdint.h:37:0[m[K,
                 from [01m[K/usr/lib/gcc/aarch64-linux-gnu/5/include/stdint.h:9[m[K,
                 from [01m[K/opt/ros/melodic/include/ros/duration.h:53[m[K,
                 from [01m[K/opt/ros/melodic/include/ros/time.h:57[m[K,
                 from [01m[K/opt/ros/melodic/include/ros/ros.h:38[m[K,
                 from [01m[K/home/xavier/catkin_ws/src/scan_tools/scan_to_cloud_converter/include/scan_to_cloud_converter/scan_to_cloud_converter.h:34[m[K,
                 from [01m[K/home/xavier/catkin_ws/src/scan_tools/scan_to_cloud_converter/src/scan_to_cloud_converter.cpp:30[m[K:
[01m[K/usr/include/aarch64-linux-gnu/bits/stdint-uintn.h:24:19:[m[K [01;36m[Knote: [m[K  â€˜[01m[Kuint8_t[m[Kâ€™
 typedef __uint8_t uint8_t;
[01;32m[K                   ^[m[K
[01m[K/usr/include/aarch64-linux-gnu/bits/stdint-uintn.h:24:19:[m[K [01;36m[Knote: [m[K  â€˜[01m[Kuint8_t[m[Kâ€™
[01m[K/usr/include/aarch64-linux-gnu/bits/stdint-uintn.h:24:19:[m[K [01;36m[Knote: [m[K  â€˜[01m[Kuint8_t[m[Kâ€™
In file included from [01m[K/opt/ros/melodic/include/pcl_ros/point_cloud.h:9:0[m[K,
                 from [01m[K/home/xavier/catkin_ws/src/scan_tools/scan_to_cloud_converter/include/scan_to_cloud_converter/scan_to_cloud_converter.h:38[m[K,
                 from [01m[K/home/xavier/catkin_ws/src/scan_tools/scan_to_cloud_converter/src/scan_to_cloud_converter.cpp:30[m[K:
[01m[K/opt/ros/melodic/include/pcl_conversions/pcl_conversions.h:529:24:[m[K [01;31m[Kerror: [m[Kâ€˜[01m[Kpixel[m[Kâ€™ was not declared in this scope
         std::uint8_t * pixel = &(msg.data[y * msg.step + x * 3]);
[01;32m[K                        ^[m[K
[01m[K/opt/ros/melodic/include/pcl_conversions/pcl_conversions.h:530:54:[m[K [01;31m[Kerror: [m[Kâ€˜[01m[Kuint8_t[m[Kâ€™ is not a member of â€˜[01m[Kstd[m[Kâ€™
         memcpy (pixel, &cloud (x, y).rgb, 3 * sizeof(std::uint8_t));
[01;32m[K                                                      ^[m[K
[01m[K/opt/ros/melodic/include/pcl_conversions/pcl_conversions.h:530:54:[m[K [01;36m[Knote: [m[Ksuggested alternatives:
In file included from [01m[K/usr/include/stdint.h:37:0[m[K,
                 from [01m[K/usr/lib/gcc/aarch64-linux-gnu/5/include/stdint.h:9[m[K,
                 from [01m[K/opt/ros/melodic/include/ros/duration.h:53[m[K,
                 from [01m[K/opt/ros/melodic/include/ros/time.h:57[m[K,
                 from [01m[K/opt/ros/melodic/include/ros/ros.h:38[m[K,
                 from [01m[K/home/xavier/catkin_ws/src/scan_tools/scan_to_cloud_converter/include/scan_to_cloud_converter/scan_to_cloud_converter.h:34[m[K,
                 from [01m[K/home/xavier/catkin_ws/src/scan_tools/scan_to_cloud_converter/src/scan_to_cloud_converter.cpp:30[m[K:
[01m[K/usr/include/aarch64-linux-gnu/bits/stdint-uintn.h:24:19:[m[K [01;36m[Knote: [m[K  â€˜[01m[Kuint8_t[m[Kâ€™
 typedef __uint8_t uint8_t;
[01;32m[K                   ^[m[K
[01m[K/usr/include/aarch64-linux-gnu/bits/stdint-uintn.h:24:19:[m[K [01;36m[Knote: [m[K  â€˜[01m[Kuint8_t[m[Kâ€™
[01m[K/usr/include/aarch64-linux-gnu/bits/stdint-uintn.h:24:19:[m[K [01;36m[Knote: [m[K  â€˜[01m[Kuint8_t[m[Kâ€™
In file included from [01m[K/opt/ros/melodic/include/pcl_ros/point_cloud.h:9:0[m[K,
                 from [01m[K/home/xavier/catkin_ws/src/scan_tools/scan_to_cloud_converter/include/scan_to_cloud_converter/scan_to_cloud_converter.h:38[m[K,
                 from [01m[K/home/xavier/catkin_ws/src/scan_tools/scan_to_cloud_converter/src/scan_to_cloud_converter.cpp:30[m[K:
[01m[K/opt/ros/melodic/include/pcl_conversions/pcl_conversions.h:[m[K In static member function â€˜[01m[Kstatic uint32_t ros::serialization::Serializer<pcl::PCLPointCloud2>::serializedLength(const pcl::PCLPointCloud2&)[m[Kâ€™:
[01m[K/opt/ros/melodic/include/pcl_conversions/pcl_conversions.h:825:42:[m[K [01;31m[Kerror: [m[Kâ€˜[01m[Kuint8_t[m[Kâ€™ is not a member of â€˜[01m[Kstd[m[Kâ€™
         length += m.data.size() * sizeof(std::uint8_t);
[01;32m[K                                          ^[m[K
[01m[K/opt/ros/melodic/include/pcl_conversions/pcl_conversions.h:825:42:[m[K [01;36m[Knote: [m[Ksuggested alternatives:
In file included from [01m[K/usr/include/stdint.h:37:0[m[K,
                 from [01m[K/usr/lib/gcc/aarch64-linux-gnu/5/include/stdint.h:9[m[K,
                 from [01m[K/opt/ros/melodic/include/ros/duration.h:53[m[K,
                 from [01m[K/opt/ros/melodic/include/ros/time.h:57[m[K,
                 from [01m[K/opt/ros/melodic/include/ros/ros.h:38[m[K,
                 from [01m[K/home/xavier/catkin_ws/src/scan_tools/scan_to_cloud_converter/include/scan_to_cloud_converter/scan_to_cloud_converter.h:34[m[K,
                 from [01m[K/home/xavier/catkin_ws/src/scan_tools/scan_to_cloud_converter/src/scan_to_cloud_converter.cpp:30[m[K:
[01m[K/usr/include/aarch64-linux-gnu/bits/stdint-uintn.h:24:19:[m[K [01;36m[Knote: [m[K  â€˜[01m[Kuint8_t[m[Kâ€™
 typedef __uint8_t uint8_t;
[01;32m[K                   ^[m[K
[01m[K/usr/include/aarch64-linux-gnu/bits/stdint-uintn.h:24:19:[m[K [01;36m[Knote: [m[K  â€˜[01m[Kuint8_t[m[Kâ€™
[01m[K/usr/include/aarch64-linux-gnu/bits/stdint-uintn.h:24:19:[m[K [01;36m[Knote: [m[K  â€˜[01m[Kuint8_t[m[Kâ€™
In file included from [01m[K/home/xavier/catkin_ws/src/scan_tools/scan_to_cloud_converter/include/scan_to_cloud_converter/scan_to_cloud_converter.h:38:0[m[K,
                 from [01m[K/home/xavier/catkin_ws/src/scan_tools/scan_to_cloud_converter/src/scan_to_cloud_converter.cpp:30[m[K:
[01m[K/opt/ros/melodic/include/pcl_ros/point_cloud.h:[m[K In member function â€˜[01m[Kvoid pcl::detail::FieldStreamer<Stream, PointT>::operator()()[m[Kâ€™:
[01m[K/opt/ros/melodic/include/pcl_ros/point_cloud.h:27:9:[m[K [01;31m[Kerror: [m[Kâ€˜[01m[Kuint32_t[m[Kâ€™ is not a member of â€˜[01m[Kstd[m[Kâ€™
         std::uint32_t name_length = strlen(name);
[01;32m[K         ^[m[K
[01m[K/opt/ros/melodic/include/pcl_ros/point_cloud.h:27:9:[m[K [01;36m[Knote: [m[Ksuggested alternatives:
In file included from [01m[K/usr/include/stdint.h:37:0[m[K,
                 from [01m[K/usr/lib/gcc/aarch64-linux-gnu/5/include/stdint.h:9[m[K,
                 from [01m[K/opt/ros/melodic/include/ros/duration.h:53[m[K,
                 from [01m[K/opt/ros/melodic/include/ros/time.h:57[m[K,
                 from [01m[K/opt/ros/melodic/include/ros/ros.h:38[m[K,
                 from [01m[K/home/xavier/catkin_ws/src/scan_tools/scan_to_cloud_converter/include/scan_to_cloud_converter/scan_to_cloud_converter.h:34[m[K,
                 from [01m[K/home/xavier/catkin_ws/src/scan_tools/scan_to_cloud_converter/src/scan_to_cloud_converter.cpp:30[m[K:
[01m[K/usr/include/aarch64-linux-gnu/bits/stdint-uintn.h:26:20:[m[K [01;36m[Knote: [m[K  â€˜[01m[Kuint32_t[m[Kâ€™
 typedef __uint32_t uint32_t;
[01;32m[K                    ^[m[K
[01m[K/usr/include/aarch64-linux-gnu/bits/stdint-uintn.h:26:20:[m[K [01;36m[Knote: [m[K  â€˜[01m[Kuint32_t[m[Kâ€™
[01m[K/usr/include/aarch64-linux-gnu/bits/stdint-uintn.h:26:20:[m[K [01;36m[Knote: [m[K  â€˜[01m[Kuint32_t[m[Kâ€™
In file included from [01m[K/home/xavier/catkin_ws/src/scan_tools/scan_to_cloud_converter/include/scan_to_cloud_converter/scan_to_cloud_converter.h:38:0[m[K,
                 from [01m[K/home/xavier/catkin_ws/src/scan_tools/scan_to_cloud_converter/src/scan_to_cloud_converter.cpp:30[m[K:
[01m[K/opt/ros/melodic/include/pcl_ros/point_cloud.h:28:22:[m[K [01;31m[Kerror: [m[Kâ€˜[01m[Kname_length[m[Kâ€™ was not declared in this scope
         stream_.next(name_length);
[01;32m[K                      ^[m[K
[01m[K/opt/ros/melodic/include/pcl_ros/point_cloud.h:32:9:[m[K [01;31m[Kerror: [m[Kâ€˜[01m[Kuint32_t[m[Kâ€™ is not a member of â€˜[01m[Kstd[m[Kâ€™
         std::uint32_t offset = traits::offset<PointT, U>::value;
[01;32m[K         ^[m[K
[01m[K/opt/ros/melodic/include/pcl_ros/point_cloud.h:32:9:[m[K [01;36m[Knote: [m[Ksuggested alternatives:
In file included from [01m[K/usr/include/stdint.h:37:0[m[K,
                 from [01m[K/usr/lib/gcc/aarch64-linux-gnu/5/include/stdint.h:9[m[K,
                 from [01m[K/opt/ros/melodic/include/ros/duration.h:53[m[K,
                 from [01m[K/opt/ros/melodic/include/ros/time.h:57[m[K,
                 from [01m[K/opt/ros/melodic/include/ros/ros.h:38[m[K,
                 from [01m[K/home/xavier/catkin_ws/src/scan_tools/scan_to_cloud_converter/include/scan_to_cloud_converter/scan_to_cloud_converter.h:34[m[K,
                 from [01m[K/home/xavier/catkin_ws/src/scan_tools/scan_to_cloud_converter/src/scan_to_cloud_converter.cpp:30[m[K:
[01m[K/usr/include/aarch64-linux-gnu/bits/stdint-uintn.h:26:20:[m[K [01;36m[Knote: [m[K  â€˜[01m[Kuint32_t[m[Kâ€™
 typedef __uint32_t uint32_t;
[01;32m[K                    ^[m[K
[01m[K/usr/include/aarch64-linux-gnu/bits/stdint-uintn.h:26:20:[m[K [01;36m[Knote: [m[K  â€˜[01m[Kuint32_t[m[Kâ€™
[01m[K/usr/include/aarch64-linux-gnu/bits/stdint-uintn.h:26:20:[m[K [01;36m[Knote: [m[K  â€˜[01m[Kuint32_t[m[Kâ€™
In file included from [01m[K/home/xavier/catkin_ws/src/scan_tools/scan_to_cloud_converter/include/scan_to_cloud_converter/scan_to_cloud_converter.h:38:0[m[K,
                 from [01m[K/home/xavier/catkin_ws/src/scan_tools/scan_to_cloud_converter/src/scan_to_cloud_converter.cpp:30[m[K:
[01m[K/opt/ros/melodic/include/pcl_ros/point_cloud.h:33:22:[m[K [01;31m[Kerror: [m[Kâ€˜[01m[Koffset[m[Kâ€™ was not declared in this scope
         stream_.next(offset);
[01;32m[K                      ^[m[K
[01m[K/opt/ros/melodic/include/pcl_ros/point_cloud.h:33:22:[m[K [01;36m[Knote: [m[Ksuggested alternative:
In file included from [01m[K/usr/include/pcl-1.8/pcl/register_point_struct.h:57:0[m[K,
                 from [01m[K/usr/include/pcl-1.8/pcl/point_types.h:44[m[K,
                 from [01m[K/home/xavier/catkin_ws/src/scan_tools/scan_to_cloud_converter/include/scan_to_cloud_converter/scan_to_cloud_converter.h:36[m[K,
                 from [01m[K/home/xavier/catkin_ws/src/scan_tools/scan_to_cloud_converter/src/scan_to_cloud_converter.cpp:30[m[K:
[01m[K/usr/include/pcl-1.8/pcl/point_traits.h:150:12:[m[K [01;36m[Knote: [m[K  â€˜[01m[Kpcl::traits::offset[m[Kâ€™
     struct offset : offset<typename POD<PointT>::type, Tag>
[01;32m[K            ^[m[K
In file included from [01m[K/home/xavier/catkin_ws/src/scan_tools/scan_to_cloud_converter/include/scan_to_cloud_converter/scan_to_cloud_converter.h:38:0[m[K,
                 from [01m[K/home/xavier/catkin_ws/src/scan_tools/scan_to_cloud_converter/src/scan_to_cloud_converter.cpp:30[m[K:
[01m[K/opt/ros/melodic/include/pcl_ros/point_cloud.h:35:9:[m[K [01;31m[Kerror: [m[Kâ€˜[01m[Kuint8_t[m[Kâ€™ is not a member of â€˜[01m[Kstd[m[Kâ€™
         std::uint8_t datatype = traits::datatype<PointT, U>::value;
[01;32m[K         ^[m[K
[01m[K/opt/ros/melodic/include/pcl_ros/point_cloud.h:35:9:[m[K [01;36m[Knote: [m[Ksuggested alternatives:
In file included from [01m[K/usr/include/stdint.h:37:0[m[K,
                 from [01m[K/usr/lib/gcc/aarch64-linux-gnu/5/include/stdint.h:9[m[K,
                 from [01m[K/opt/ros/melodic/include/ros/duration.h:53[m[K,
                 from [01m[K/opt/ros/melodic/include/ros/time.h:57[m[K,
                 from [01m[K/opt/ros/melodic/include/ros/ros.h:38[m[K,
                 from [01m[K/home/xavier/catkin_ws/src/scan_tools/scan_to_cloud_converter/include/scan_to_cloud_converter/scan_to_cloud_converter.h:34[m[K,
                 from [01m[K/home/xavier/catkin_ws/src/scan_tools/scan_to_cloud_converter/src/scan_to_cloud_converter.cpp:30[m[K:
[01m[K/usr/include/aarch64-linux-gnu/bits/stdint-uintn.h:24:19:[m[K [01;36m[Knote: [m[K  â€˜[01m[Kuint8_t[m[Kâ€™
 typedef __uint8_t uint8_t;
[01;32m[K                   ^[m[K
[01m[K/usr/include/aarch64-linux-gnu/bits/stdint-uintn.h:24:19:[m[K [01;36m[Knote: [m[K  â€˜[01m[Kuint8_t[m[Kâ€™
[01m[K/usr/include/aarch64-linux-gnu/bits/stdint-uintn.h:24:19:[m[K [01;36m[Knote: [m[K  â€˜[01m[Kuint8_t[m[Kâ€™
In file included from [01m[K/home/xavier/catkin_ws/src/scan_tools/scan_to_cloud_converter/include/scan_to_cloud_converter/scan_to_cloud_converter.h:38:0[m[K,
                 from [01m[K/home/xavier/catkin_ws/src/scan_tools/scan_to_cloud_converter/src/scan_to_cloud_converter.cpp:30[m[K:
[01m[K/opt/ros/melodic/include/pcl_ros/point_cloud.h:36:22:[m[K [01;31m[Kerror: [m[Kâ€˜[01m[Kdatatype[m[Kâ€™ was not declared in this scope
         stream_.next(datatype);
[01;32m[K                      ^[m[K
[01m[K/opt/ros/melodic/include/pcl_ros/point_cloud.h:36:22:[m[K [01;36m[Knote: [m[Ksuggested alternatives:
In file included from [01m[K/opt/ros/melodic/include/ros/serialization.h:37:0[m[K,
                 from [01m[K/opt/ros/melodic/include/ros/publisher.h:34[m[K,
                 from [01m[K/opt/ros/melodic/include/ros/node_handle.h:32[m[K,
                 from [01m[K/opt/ros/melodic/include/ros/ros.h:45[m[K,
                 from [01m[K/home/xavier/catkin_ws/src/scan_tools/scan_to_cloud_converter/include/scan_to_cloud_converter/scan_to_cloud_converter.h:34[m[K,
                 from [01m[K/home/xavier/catkin_ws/src/scan_tools/scan_to_cloud_converter/src/scan_to_cloud_converter.cpp:30[m[K:
[01m[K/opt/ros/melodic/include/ros/message_traits.h:261:20:[m[K [01;36m[Knote: [m[K  â€˜[01m[Kros::message_traits::datatype[m[Kâ€™
 inline const char* datatype(const M& m)
[01;32m[K                    ^[m[K
In file included from [01m[K/opt/ros/melodic/include/ros/service_client.h:33:0[m[K,
                 from [01m[K/opt/ros/melodic/include/ros/node_handle.h:35[m[K,
                 from [01m[K/opt/ros/melodic/include/ros/ros.h:45[m[K,
                 from [01m[K/home/xavier/catkin_ws/src/scan_tools/scan_to_cloud_converter/include/scan_to_cloud_converter/scan_to_cloud_converter.h:34[m[K,
                 from [01m[K/home/xavier/catkin_ws/src/scan_tools/scan_to_cloud_converter/src/scan_to_cloud_converter.cpp:30[m[K:
[01m[K/opt/ros/melodic/include/ros/service_traits.h:104:20:[m[K [01;36m[Knote: [m[K  â€˜[01m[Kros::service_traits::datatype[m[Kâ€™
 inline const char* datatype(const M& m)
[01;32m[K                    ^[m[K
In file included from [01m[K/usr/include/pcl-1.8/pcl/register_point_struct.h:57:0[m[K,
                 from [01m[K/usr/include/pcl-1.8/pcl/point_types.h:44[m[K,
                 from [01m[K/home/xavier/catkin_ws/src/scan_tools/scan_to_cloud_converter/include/scan_to_cloud_converter/scan_to_cloud_converter.h:36[m[K,
                 from [01m[K/home/xavier/catkin_ws/src/scan_tools/scan_to_cloud_converter/src/scan_to_cloud_converter.cpp:30[m[K:
[01m[K/usr/include/pcl-1.8/pcl/point_traits.h:162:12:[m[K [01;36m[Knote: [m[K  â€˜[01m[Kpcl::traits::datatype[m[Kâ€™
     struct datatype : datatype<typename POD<PointT>::type, Tag>
[01;32m[K            ^[m[K
In file included from [01m[K/home/xavier/catkin_ws/src/scan_tools/scan_to_cloud_converter/include/scan_to_cloud_converter/scan_to_cloud_converter.h:38:0[m[K,
                 from [01m[K/home/xavier/catkin_ws/src/scan_tools/scan_to_cloud_converter/src/scan_to_cloud_converter.cpp:30[m[K:
[01m[K/opt/ros/melodic/include/pcl_ros/point_cloud.h:38:9:[m[K [01;31m[Kerror: [m[Kâ€˜[01m[Kuint32_t[m[Kâ€™ is not a member of â€˜[01m[Kstd[m[Kâ€™
         std::uint32_t count = traits::datatype<PointT, U>::size;
[01;32m[K         ^[m[K
[01m[K/opt/ros/melodic/include/pcl_ros/point_cloud.h:38:9:[m[K [01;36m[Knote: [m[Ksuggested alternatives:
In file included from [01m[K/usr/include/stdint.h:37:0[m[K,
                 from [01m[K/usr/lib/gcc/aarch64-linux-gnu/5/include/stdint.h:9[m[K,
                 from [01m[K/opt/ros/melodic/include/ros/duration.h:53[m[K,
                 from [01m[K/opt/ros/melodic/include/ros/time.h:57[m[K,
                 from [01m[K/opt/ros/melodic/include/ros/ros.h:38[m[K,
                 from [01m[K/home/xavier/catkin_ws/src/scan_tools/scan_to_cloud_converter/include/scan_to_cloud_converter/scan_to_cloud_converter.h:34[m[K,
                 from [01m[K/home/xavier/catkin_ws/src/scan_tools/scan_to_cloud_converter/src/scan_to_cloud_converter.cpp:30[m[K:
[01m[K/usr/include/aarch64-linux-gnu/bits/stdint-uintn.h:26:20:[m[K [01;36m[Knote: [m[K  â€˜[01m[Kuint32_t[m[Kâ€™
 typedef __uint32_t uint32_t;
[01;32m[K                    ^[m[K
[01m[K/usr/include/aarch64-linux-gnu/bits/stdint-uintn.h:26:20:[m[K [01;36m[Knote: [m[K  â€˜[01m[Kuint32_t[m[Kâ€™
[01m[K/usr/include/aarch64-linux-gnu/bits/stdint-uintn.h:26:20:[m[K [01;36m[Knote: [m[K  â€˜[01m[Kuint32_t[m[Kâ€™
In file included from [01m[K/home/xavier/catkin_ws/src/scan_tools/scan_to_cloud_converter/include/scan_to_cloud_converter/scan_to_cloud_converter.h:38:0[m[K,
                 from [01m[K/home/xavier/catkin_ws/src/scan_tools/scan_to_cloud_converter/src/scan_to_cloud_converter.cpp:30[m[K:
[01m[K/opt/ros/melodic/include/pcl_ros/point_cloud.h:39:22:[m[K [01;31m[Kerror: [m[Kâ€˜[01m[Kcount[m[Kâ€™ was not declared in this scope
         stream_.next(count);
[01;32m[K                      ^[m[K
[01m[K/opt/ros/melodic/include/pcl_ros/point_cloud.h:39:22:[m[K [01;36m[Knote: [m[Ksuggested alternative:
In file included from [01m[K/usr/include/c++/5/algorithm:62:0[m[K,
                 from [01m[K/usr/include/boost/math/tools/config.hpp:18[m[K,
                 from [01m[K/usr/include/boost/math/special_functions/round.hpp:13[m[K,
                 from [01m[K/opt/ros/melodic/include/ros/time.h:58[m[K,
                 from [01m[K/opt/ros/melodic/include/ros/ros.h:38[m[K,
                 from [01m[K/home/xavier/catkin_ws/src/scan_tools/scan_to_cloud_converter/include/scan_to_cloud_converter/scan_to_cloud_converter.h:34[m[K,
                 from [01m[K/home/xavier/catkin_ws/src/scan_tools/scan_to_cloud_converter/src/scan_to_cloud_converter.cpp:30[m[K:
[01m[K/usr/include/c++/5/bits/stl_algo.h:3959:5:[m[K [01;36m[Knote: [m[K  â€˜[01m[Kstd::count[m[Kâ€™
     count(_InputIterator __first, _InputIterator __last, const _Tp& __value)
[01;32m[K     ^[m[K
In file included from [01m[K/home/xavier/catkin_ws/src/scan_tools/scan_to_cloud_converter/include/scan_to_cloud_converter/scan_to_cloud_converter.h:38:0[m[K,
                 from [01m[K/home/xavier/catkin_ws/src/scan_tools/scan_to_cloud_converter/src/scan_to_cloud_converter.cpp:30[m[K:
[01m[K/opt/ros/melodic/include/pcl_ros/point_cloud.h:[m[K At global scope:
[01m[K/opt/ros/melodic/include/pcl_ros/point_cloud.h:56:12:[m[K [01;31m[Kerror: [m[Kâ€˜[01m[Kuint32_t[m[Kâ€™ in namespace â€˜[01m[Kstd[m[Kâ€™ does not name a type
       std::uint32_t length;
[01;32m[K            ^[m[K
[01m[K/opt/ros/melodic/include/pcl_ros/point_cloud.h:[m[K In constructor â€˜[01m[Kpcl::detail::FieldsLength<PointT>::FieldsLength()[m[Kâ€™:
[01m[K/opt/ros/melodic/include/pcl_ros/point_cloud.h:48:24:[m[K [01;31m[Kerror: [m[Kclass â€˜[01m[Kpcl::detail::FieldsLength<PointT>[m[Kâ€™ does not have any field named â€˜[01m[Klength[m[Kâ€™
       FieldsLength() : length(0) {}
[01;32m[K                        ^[m[K
[01m[K/opt/ros/melodic/include/pcl_ros/point_cloud.h:[m[K In member function â€˜[01m[Kvoid pcl::detail::FieldsLength<PointT>::operator()()[m[Kâ€™:
[01m[K/opt/ros/melodic/include/pcl_ros/point_cloud.h:52:9:[m[K [01;31m[Kerror: [m[Kâ€˜[01m[Kuint32_t[m[Kâ€™ is not a member of â€˜[01m[Kstd[m[Kâ€™
         std::uint32_t name_length = strlen(traits::name<PointT, U>::value);
[01;32m[K         ^[m[K
[01m[K/opt/ros/melodic/include/pcl_ros/point_cloud.h:52:9:[m[K [01;36m[Knote: [m[Ksuggested alternatives:
In file included from [01m[K/usr/include/stdint.h:37:0[m[K,
                 from [01m[K/usr/lib/gcc/aarch64-linux-gnu/5/include/stdint.h:9[m[K,
                 from [01m[K/opt/ros/melodic/include/ros/duration.h:53[m[K,
                 from [01m[K/opt/ros/melodic/include/ros/time.h:57[m[K,
                 from [01m[K/opt/ros/melodic/include/ros/ros.h:38[m[K,
                 from [01m[K/home/xavier/catkin_ws/src/scan_tools/scan_to_cloud_converter/include/scan_to_cloud_converter/scan_to_cloud_converter.h:34[m[K,
                 from [01m[K/home/xavier/catkin_ws/src/scan_tools/scan_to_cloud_converter/src/scan_to_cloud_converter.cpp:30[m[K:
[01m[K/usr/include/aarch64-linux-gnu/bits/stdint-uintn.h:26:20:[m[K [01;36m[Knote: [m[K  â€˜[01m[Kuint32_t[m[Kâ€™
 typedef __uint32_t uint32_t;
[01;32m[K                    ^[m[K
[01m[K/usr/include/aarch64-linux-gnu/bits/stdint-uintn.h:26:20:[m[K [01;36m[Knote: [m[K  â€˜[01m[Kuint32_t[m[Kâ€™
[01m[K/usr/include/aarch64-linux-gnu/bits/stdint-uintn.h:26:20:[m[K [01;36m[Knote: [m[K  â€˜[01m[Kuint32_t[m[Kâ€™
In file included from [01m[K/home/xavier/catkin_ws/src/scan_tools/scan_to_cloud_converter/include/scan_to_cloud_converter/scan_to_cloud_converter.h:38:0[m[K,
                 from [01m[K/home/xavier/catkin_ws/src/scan_tools/scan_to_cloud_converter/src/scan_to_cloud_converter.cpp:30[m[K:
[01m[K/opt/ros/melodic/include/pcl_ros/point_cloud.h:53:9:[m[K [01;31m[Kerror: [m[Kâ€˜[01m[Klength[m[Kâ€™ was not declared in this scope
         length += name_length + 13;
[01;32m[K         ^[m[K
[01m[K/opt/ros/melodic/include/pcl_ros/point_cloud.h:53:9:[m[K [01;36m[Knote: [m[Ksuggested alternatives:
In file included from [01m[K/usr/include/boost/algorithm/string/trim.hpp:19:0[m[K,
                 from [01m[K/usr/include/boost/algorithm/string.hpp:19[m[K,
                 from [01m[K/usr/include/pcl-1.8/pcl/io/boost.h:66[m[K,
                 from [01m[K/usr/include/pcl-1.8/pcl/io/file_io.h:43[m[K,
                 from [01m[K/usr/include/pcl-1.8/pcl/io/pcd_io.h:44[m[K,
                 from [01m[K/opt/ros/melodic/include/pcl_conversions/pcl_conversions.h:70[m[K,
                 from [01m[K/opt/ros/melodic/include/pcl_ros/point_cloud.h:9[m[K,
                 from [01m[K/home/xavier/catkin_ws/src/scan_tools/scan_to_cloud_converter/include/scan_to_cloud_converter/scan_to_cloud_converter.h:38[m[K,
                 from [01m[K/home/xavier/catkin_ws/src/scan_tools/scan_to_cloud_converter/src/scan_to_cloud_converter.cpp:30[m[K:
[01m[K/usr/include/boost/range/as_literal.hpp:42:28:[m[K [01;36m[Knote: [m[K  â€˜[01m[Kboost::range_detail::length[m[Kâ€™
         inline std::size_t length( const wchar_t* s )
[01;32m[K                            ^[m[K
In file included from [01m[K/usr/include/boost/tuple/tuple.hpp:28:0[m[K,
                 from [01m[K/usr/include/boost/thread/csbl/tuple.hpp:15[m[K,
                 from [01m[K/usr/include/boost/thread/detail/invoker.hpp:32[m[K,
                 from [01m[K/usr/include/boost/thread/future.hpp:22[m[K,
                 from [01m[K/usr/include/boost/thread.hpp:24[m[K,
                 from [01m[K/usr/include/pcl-1.8/pcl/io/boost.h:51[m[K,
                 from [01m[K/usr/include/pcl-1.8/pcl/io/file_io.h:43[m[K,
                 from [01m[K/usr/include/pcl-1.8/pcl/io/pcd_io.h:44[m[K,
                 from [01m[K/opt/ros/melodic/include/pcl_conversions/pcl_conversions.h:70[m[K,
                 from [01m[K/opt/ros/melodic/include/pcl_ros/point_cloud.h:9[m[K,
                 from [01m[K/home/xavier/catkin_ws/src/scan_tools/scan_to_cloud_converter/include/scan_to_cloud_converter/scan_to_cloud_converter.h:38[m[K,
                 from [01m[K/home/xavier/catkin_ws/src/scan_tools/scan_to_cloud_converter/src/scan_to_cloud_converter.cpp:30[m[K:
[01m[K/usr/include/boost/tuple/detail/tuple_basic.hpp:84:26:[m[K [01;36m[Knote: [m[K  â€˜[01m[Kboost::tuples::length[m[Kâ€™
 template<class T> struct length;
[01;32m[K                          ^[m[K
In file included from [01m[K/home/xavier/catkin_ws/src/scan_tools/scan_to_cloud_converter/include/scan_to_cloud_converter/scan_to_cloud_converter.h:38:0[m[K,
                 from [01m[K/home/xavier/catkin_ws/src/scan_tools/scan_to_cloud_converter/src/scan_to_cloud_converter.cpp:30[m[K:
[01m[K/opt/ros/melodic/include/pcl_ros/point_cloud.h:53:19:[m[K [01;31m[Kerror: [m[Kâ€˜[01m[Kname_length[m[Kâ€™ was not declared in this scope
         length += name_length + 13;
[01;32m[K                   ^[m[K
/opt/ros/melodic/include/pcl_ros/point_cloud.h: In instantiation of â€˜[01m[Kstatic uint32_t ros::serialization::Serializer<pcl::PointCloud<PointT> >::serializedLength(const pcl::PointCloud<PointT>&) [with T = pcl::PointXYZ; uint32_t = unsigned int][m[Kâ€™:
[01m[K/opt/ros/melodic/include/ros/serialization.h:172:41:[m[K   required from â€˜[01m[Kuint32_t ros::serialization::serializationLength(const T&) [with T = pcl::PointCloud<pcl::PointXYZ>; uint32_t = unsigned int][m[Kâ€™
[01m[K/opt/ros/melodic/include/ros/serialization.h:807:37:[m[K   required from â€˜[01m[Kros::SerializedMessage ros::serialization::serializeMessage(const M&) [with M = pcl::PointCloud<pcl::PointXYZ>][m[Kâ€™
[01m[K/opt/ros/melodic/include/ros/publisher.h:89:26:[m[K   required from â€˜[01m[Kvoid ros::Publisher::publish(const boost::shared_ptr<X>&) const [with M = pcl::PointCloud<pcl::PointXYZ>][m[Kâ€™
[01m[K/home/xavier/catkin_ws/src/scan_tools/scan_to_cloud_converter/src/scan_to_cloud_converter.cpp:85:37:[m[K   required from here
[01m[K/opt/ros/melodic/include/pcl_ros/point_cloud.h:255:16:[m[K [01;31m[Kerror: [m[Kâ€˜[01m[Kstruct pcl::detail::FieldsLength<pcl::PointXYZ>[m[Kâ€™ has no member named â€˜[01m[Klength[m[Kâ€™
         length += fl.length;
[01;32m[K                ^[m[K
CMakeFiles/scan_to_cloud_converter_node.dir/build.make:62: recipe for target 'CMakeFiles/scan_to_cloud_converter_node.dir/src/scan_to_cloud_converter_node.cpp.o' failed
make[2]: *** [CMakeFiles/scan_to_cloud_converter_node.dir/src/scan_to_cloud_converter_node.cpp.o] Error 1
make[2]: *** Waiting for unfinished jobs....
CMakeFiles/scan_to_cloud_converter_node.dir/build.make:86: recipe for target 'CMakeFiles/scan_to_cloud_converter_node.dir/src/scan_to_cloud_converter.cpp.o' failed
make[2]: *** [CMakeFiles/scan_to_cloud_converter_node.dir/src/scan_to_cloud_converter.cpp.o] Error 1
CMakeFiles/Makefile2:144: recipe for target 'CMakeFiles/scan_to_cloud_converter_node.dir/all' failed
make[1]: *** [CMakeFiles/scan_to_cloud_converter_node.dir/all] Error 2
Makefile:140: recipe for target 'all' failed
make: *** [all] Error 2
